Using pre-set license
Built from '2020.3/staging' branch; Version is '2020.3.0f1 (c7b5465681fb) revision 13088070'; Using compiler version '192528614'; Build Type 'Release'
OS: 'Windows 10 Home Single Language; OS build 19042.928; Version 2009; 64bit' Language: 'en' Physical Memory: 8034 MB
BatchMode: 1, IsHumanControllingUs: 0, StartBugReporterOnCrash: 0, Is64bit: 1, IsPro: 0

 COMMAND LINE ARGUMENTS:
D:\app\New folder\2020.3.0f1\Editor\Unity.exe
-adb2
-batchMode
-noUpm
-name
AssetImportWorker0
-projectPath
E:/clone/LEARN_UNITY/LEARN_clone_0
-logFile
Logs/AssetImportWorker0.log
-srvPort
49264
Successfully changed project path to: E:/clone/LEARN_UNITY/LEARN_clone_0
E:/clone/LEARN_UNITY/LEARN_clone_0
Using Asset Import Pipeline V2.
Refreshing native plugins compatible for Editor in 163.98 ms, found 0 plugins.
Preloading 0 native plugins for Editor in 0.00 ms.
Initialize engine version: 2020.3.0f1 (c7b5465681fb)
[Subsystems] Discovering subsystems at path D:/app/New folder/2020.3.0f1/Editor/Data/Resources/UnitySubsystems
[Subsystems] Discovering subsystems at path E:/clone/LEARN_UNITY/LEARN_clone_0/Assets
GfxDevice: creating device client; threaded=0
Direct3D:
    Version:  Direct3D 11.0 [level 11.1]
    Renderer: NVIDIA GeForce GTX 1050 (ID=0x1c92)
    Vendor:   
    VRAM:     4021 MB
    Driver:   26.21.14.4128
Initialize mono
Mono path[0] = 'D:/app/New folder/2020.3.0f1/Editor/Data/Managed'
Mono path[1] = 'D:/app/New folder/2020.3.0f1/Editor/Data/MonoBleedingEdge/lib/mono/unityjit'
Mono config path = 'D:/app/New folder/2020.3.0f1/Editor/Data/MonoBleedingEdge/etc'
Using monoOptions --debugger-agent=transport=dt_socket,embedding=1,server=y,suspend=n,address=127.0.0.1:56236
Begin MonoManager ReloadAssembly
Registering precompiled unity dll's ...
Register platform support module: D:/app/New folder/2020.3.0f1/Editor/Data/PlaybackEngines/WebGLSupport/UnityEditor.WebGL.Extensions.dll
Register platform support module: D:/app/New folder/2020.3.0f1/Editor/Data/PlaybackEngines/WindowsStandaloneSupport/UnityEditor.WindowsStandalone.Extensions.dll
Register platform support module: D:/app/New folder/2020.3.0f1/Editor/Data/PlaybackEngines/LinuxStandaloneSupport/UnityEditor.LinuxStandalone.Extensions.dll
Registered in 0.005593 seconds.
Native extension for LinuxStandalone target not found
Native extension for WindowsStandalone target not found
Native extension for WebGL target not found
Refreshing native plugins compatible for Editor in 108.62 ms, found 0 plugins.
Preloading 0 native plugins for Editor in 0.00 ms.
Invoked RoslynAnalysisRunner static constructor.
RoslynAnalysisRunner will not be running.
RoslynAnalysisRunner has terminated.
Mono: successfully reloaded assembly
- Completed reload, in  6.210 seconds
Platform modules already initialized, skipping
Registering precompiled user dll's ...
Registered in 0.009196 seconds.
Begin MonoManager ReloadAssembly
Native extension for LinuxStandalone target not found
Native extension for WindowsStandalone target not found
Native extension for WebGL target not found
Refreshing native plugins compatible for Editor in 0.73 ms, found 0 plugins.
Preloading 0 native plugins for Editor in 0.00 ms.
Invoked RoslynAnalysisRunner static constructor.
RoslynAnalysisRunner will not be running.
RoslynAnalysisRunner has terminated.
Find all reader and writers took 269 milliseconds
Script Module: UnityEngine.UI.dll
Weave behaviours and messages took266 milliseconds
Find all reader and writers took 181 milliseconds
Script Module: UnityEngine.TestRunner.dll
Weave behaviours and messages took82 milliseconds
Find all reader and writers took 173 milliseconds
Script Module: SimpleWebTransport.dll
Weave behaviours and messages took23 milliseconds
Find all reader and writers took 183 milliseconds
Script Module: Unity.Timeline.dll
Weave behaviours and messages took122 milliseconds
Find all reader and writers took 268 milliseconds
Script Module: Unity.TextMeshPro.dll
Weave behaviours and messages took303 milliseconds
Find all reader and writers took 144 milliseconds
Script Module: Telepathy.dll
Weave behaviours and messages took20 milliseconds
Find all reader and writers took 223 milliseconds
Script Module: kcp2k.dll
Weave behaviours and messages took20 milliseconds
Find all reader and writers took 252 milliseconds
Script Module: Mirror.Examples.Cloud.GUI.dll
Weave behaviours and messages took24 milliseconds
Find all reader and writers took 154 milliseconds
Script Module: Mirror.Cloud.dll
Weave behaviours and messages took9 milliseconds
Find all reader and writers took 268 milliseconds
Script Module: UnityEditor.TestRunner.dll
Weave behaviours and messages took128 milliseconds
Find all reader and writers took 263 milliseconds
Script Module: UnityEditor.UI.dll
Weave behaviours and messages took34 milliseconds
Find all reader and writers took 223 milliseconds
Script Module: ParrelSync.dll
Weave behaviours and messages took7 milliseconds
Find all reader and writers took 191 milliseconds
Script Module: Mirror.CompilerSymbols.dll
Weave behaviours and messages took0 milliseconds
Mono: successfully reloaded assembly
- Completed reload, in 12.255 seconds
Platform modules already initialized, skipping
========================================================================
Worker process is ready to serve import requests
Launched and connected shader compiler UnityShaderCompiler.exe after 0.15 seconds
Refreshing native plugins compatible for Editor in 1.12 ms, found 0 plugins.
Preloading 0 native plugins for Editor in 0.00 ms.
Unloading 1425 Unused Serialized files (Serialized files now loaded: 0)
System memory in use before: 66.5 MB.
System memory in use after: 66.5 MB.

Unloading 15 unused Assets to reduce memory usage. Loaded Objects now: 1864.
Total: 7.294700 ms (FindLiveObjects: 0.464100 ms CreateObjectMapping: 0.173700 ms MarkObjects: 6.415300 ms  DeleteObjects: 0.238000 ms)

========================================================================
Received Import Request.
  path: Assets/Networking/Miror/Example2/LocalPlayer.prefab
  artifactKey: Guid(b5c7e935f5a25ce4b814cc0079b713cd) Importer(815301076,1909f56bfc062723c751e8b465ee728b)
Start importing Assets/Networking/Miror/Example2/LocalPlayer.prefab using Guid(b5c7e935f5a25ce4b814cc0079b713cd) Importer(815301076,1909f56bfc062723c751e8b465ee728b)  -> (artifact id: '4d3c62bfc43e41c7eea778712b059226') in 0.378553 seconds
  Import took 0.387589 seconds .

========================================================================
Received Prepare
Registering precompiled user dll's ...
Registered in 0.011123 seconds.
Begin MonoManager ReloadAssembly
Native extension for LinuxStandalone target not found
Native extension for WindowsStandalone target not found
Native extension for WebGL target not found
Refreshing native plugins compatible for Editor in 1.36 ms, found 0 plugins.
Preloading 0 native plugins for Editor in 0.00 ms.
Invoked RoslynAnalysisRunner static constructor.
RoslynAnalysisRunner will not be running.
RoslynAnalysisRunner has terminated.
Mono: successfully reloaded assembly
- Completed reload, in  3.367 seconds
Platform modules already initialized, skipping
Refreshing native plugins compatible for Editor in 1.63 ms, found 0 plugins.
Preloading 0 native plugins for Editor in 0.00 ms.
Unloading 1419 Unused Serialized files (Serialized files now loaded: 0)
System memory in use before: 69.5 MB.
System memory in use after: 69.6 MB.

Unloading 11 unused Assets to reduce memory usage. Loaded Objects now: 1875.
Total: 14.322800 ms (FindLiveObjects: 0.770800 ms CreateObjectMapping: 0.222100 ms MarkObjects: 12.022800 ms  DeleteObjects: 1.300400 ms)

