Using pre-set license
Built from '2020.3/staging' branch; Version is '2020.3.0f1 (c7b5465681fb) revision 13088070'; Using compiler version '192528614'; Build Type 'Release'
OS: 'Windows 10 Home Single Language; OS build 19042.928; Version 2009; 64bit' Language: 'en' Physical Memory: 8034 MB
BatchMode: 1, IsHumanControllingUs: 0, StartBugReporterOnCrash: 0, Is64bit: 1, IsPro: 0

 COMMAND LINE ARGUMENTS:
D:\app\New folder\2020.3.0f1\Editor\Unity.exe
-adb2
-batchMode
-noUpm
-name
AssetImportWorker1
-projectPath
E:/clone/LEARN_UNITY/LEARN_clone_0
-logFile
Logs/AssetImportWorker1.log
-srvPort
52822
Successfully changed project path to: E:/clone/LEARN_UNITY/LEARN_clone_0
E:/clone/LEARN_UNITY/LEARN_clone_0
Using Asset Import Pipeline V2.
Refreshing native plugins compatible for Editor in 193.52 ms, found 0 plugins.
Preloading 0 native plugins for Editor in 0.00 ms.
Initialize engine version: 2020.3.0f1 (c7b5465681fb)
[Subsystems] Discovering subsystems at path D:/app/New folder/2020.3.0f1/Editor/Data/Resources/UnitySubsystems
[Subsystems] Discovering subsystems at path E:/clone/LEARN_UNITY/LEARN_clone_0/Assets
GfxDevice: creating device client; threaded=0
Direct3D:
    Version:  Direct3D 11.0 [level 11.1]
    Renderer: NVIDIA GeForce GTX 1050 (ID=0x1c92)
    Vendor:   
    VRAM:     4021 MB
    Driver:   26.21.14.4128
Initialize mono
Mono path[0] = 'D:/app/New folder/2020.3.0f1/Editor/Data/Managed'
Mono path[1] = 'D:/app/New folder/2020.3.0f1/Editor/Data/MonoBleedingEdge/lib/mono/unityjit'
Mono config path = 'D:/app/New folder/2020.3.0f1/Editor/Data/MonoBleedingEdge/etc'
Using monoOptions --debugger-agent=transport=dt_socket,embedding=1,server=y,suspend=n,address=127.0.0.1:56900
Begin MonoManager ReloadAssembly
Registering precompiled unity dll's ...
Register platform support module: D:/app/New folder/2020.3.0f1/Editor/Data/PlaybackEngines/WebGLSupport/UnityEditor.WebGL.Extensions.dll
Register platform support module: D:/app/New folder/2020.3.0f1/Editor/Data/PlaybackEngines/WindowsStandaloneSupport/UnityEditor.WindowsStandalone.Extensions.dll
Register platform support module: D:/app/New folder/2020.3.0f1/Editor/Data/PlaybackEngines/LinuxStandaloneSupport/UnityEditor.LinuxStandalone.Extensions.dll
Registered in 0.007472 seconds.
Native extension for LinuxStandalone target not found
Native extension for WindowsStandalone target not found
Native extension for WebGL target not found
Refreshing native plugins compatible for Editor in 140.20 ms, found 0 plugins.
Preloading 0 native plugins for Editor in 0.00 ms.
Invoked RoslynAnalysisRunner static constructor.
RoslynAnalysisRunner will not be running.
RoslynAnalysisRunner has terminated.
Mono: successfully reloaded assembly
- Completed reload, in  6.950 seconds
Platform modules already initialized, skipping
Registering precompiled user dll's ...
Registered in 0.011744 seconds.
Begin MonoManager ReloadAssembly
Native extension for LinuxStandalone target not found
Native extension for WindowsStandalone target not found
Native extension for WebGL target not found
Refreshing native plugins compatible for Editor in 0.85 ms, found 0 plugins.
Preloading 0 native plugins for Editor in 0.00 ms.
Invoked RoslynAnalysisRunner static constructor.
RoslynAnalysisRunner will not be running.
RoslynAnalysisRunner has terminated.
Find all reader and writers took 351 milliseconds
Script Module: UnityEngine.UI.dll
Weave behaviours and messages took340 milliseconds
Find all reader and writers took 236 milliseconds
Script Module: UnityEngine.TestRunner.dll
Weave behaviours and messages took100 milliseconds
Find all reader and writers took 213 milliseconds
Script Module: SimpleWebTransport.dll
Weave behaviours and messages took25 milliseconds
Find all reader and writers took 248 milliseconds
Script Module: Unity.Timeline.dll
Weave behaviours and messages took160 milliseconds
Find all reader and writers took 263 milliseconds
Script Module: Unity.TextMeshPro.dll
Weave behaviours and messages took339 milliseconds
Find all reader and writers took 204 milliseconds
Script Module: Telepathy.dll
Weave behaviours and messages took16 milliseconds
Find all reader and writers took 204 milliseconds
Script Module: kcp2k.dll
Weave behaviours and messages took15 milliseconds
Find all reader and writers took 225 milliseconds
Script Module: Mirror.Examples.Cloud.GUI.dll
Weave behaviours and messages took13 milliseconds
Find all reader and writers took 204 milliseconds
Script Module: Mirror.Cloud.dll
Weave behaviours and messages took16 milliseconds
Find all reader and writers took 329 milliseconds
Script Module: UnityEditor.TestRunner.dll
Weave behaviours and messages took219 milliseconds
Find all reader and writers took 365 milliseconds
Script Module: UnityEditor.UI.dll
Weave behaviours and messages took58 milliseconds
Find all reader and writers took 311 milliseconds
Script Module: ParrelSync.dll
Weave behaviours and messages took13 milliseconds
Find all reader and writers took 248 milliseconds
Script Module: Mirror.CompilerSymbols.dll
Weave behaviours and messages took0 milliseconds
Mono: successfully reloaded assembly
- Completed reload, in 15.527 seconds
Platform modules already initialized, skipping
========================================================================
Worker process is ready to serve import requests
Launched and connected shader compiler UnityShaderCompiler.exe after 0.25 seconds
Refreshing native plugins compatible for Editor in 0.89 ms, found 0 plugins.
Preloading 0 native plugins for Editor in 0.00 ms.
Unloading 1421 Unused Serialized files (Serialized files now loaded: 0)
System memory in use before: 66.4 MB.
System memory in use after: 66.4 MB.

Unloading 15 unused Assets to reduce memory usage. Loaded Objects now: 1860.
Total: 9.866000 ms (FindLiveObjects: 0.503500 ms CreateObjectMapping: 0.151900 ms MarkObjects: 8.727400 ms  DeleteObjects: 0.478500 ms)

========================================================================
Received Import Request.
  path: Assets/Networking/Miror/Scene/LocalPlayer.prefab
  artifactKey: Guid(2fd58d36b5d775b4392ef7db2063f8fc) Importer(815301076,1909f56bfc062723c751e8b465ee728b)
Start importing Assets/Networking/Miror/Scene/LocalPlayer.prefab using Guid(2fd58d36b5d775b4392ef7db2063f8fc) Importer(815301076,1909f56bfc062723c751e8b465ee728b)  -> (artifact id: '4fe844e91f31a1a81e90820e99c43cf1') in 0.517157 seconds
  Import took 0.528880 seconds .

========================================================================
Received Import Request.
  Time since last request: 114.525870 seconds.
  path: Assets/Networking/Miror/Scene/d.cs
  artifactKey: Guid(610050352a04bff40990bdb23f12cf38) Importer(815301076,1909f56bfc062723c751e8b465ee728b)
Start importing Assets/Networking/Miror/Scene/d.cs using Guid(610050352a04bff40990bdb23f12cf38) Importer(815301076,1909f56bfc062723c751e8b465ee728b)  -> (artifact id: 'c20fb06cf9a63fc346232d085a064d25') in 0.042660 seconds
  Import took 0.057040 seconds .

========================================================================
Received Import Request.
  Time since last request: 0.090940 seconds.
  path: Assets/Networking/Miror/Scene/d.cs
  artifactKey: Guid(610050352a04bff40990bdb23f12cf38) Importer(815301076,1909f56bfc062723c751e8b465ee728b)
Start importing Assets/Networking/Miror/Scene/d.cs using Guid(610050352a04bff40990bdb23f12cf38) Importer(815301076,1909f56bfc062723c751e8b465ee728b)  -> (artifact id: 'c20fb06cf9a63fc346232d085a064d25') in 0.007645 seconds
  Import took 0.019197 seconds .

========================================================================
Received Prepare
Registering precompiled user dll's ...
Registered in 0.009339 seconds.
Begin MonoManager ReloadAssembly
Native extension for LinuxStandalone target not found
Native extension for WindowsStandalone target not found
Native extension for WebGL target not found
Refreshing native plugins compatible for Editor in 0.99 ms, found 0 plugins.
Preloading 0 native plugins for Editor in 0.00 ms.
Invoked RoslynAnalysisRunner static constructor.
RoslynAnalysisRunner will not be running.
RoslynAnalysisRunner has terminated.
Mono: successfully reloaded assembly
- Completed reload, in  3.139 seconds
Platform modules already initialized, skipping
Refreshing native plugins compatible for Editor in 0.82 ms, found 0 plugins.
Preloading 0 native plugins for Editor in 0.00 ms.
Unloading 1416 Unused Serialized files (Serialized files now loaded: 0)
System memory in use before: 69.4 MB.
System memory in use after: 69.5 MB.

Unloading 11 unused Assets to reduce memory usage. Loaded Objects now: 1872.
Total: 5.212300 ms (FindLiveObjects: 0.476700 ms CreateObjectMapping: 0.215300 ms MarkObjects: 4.366800 ms  DeleteObjects: 0.150300 ms)

========================================================================
Received Prepare
Registering precompiled user dll's ...
Registered in 0.009260 seconds.
Begin MonoManager ReloadAssembly
Native extension for LinuxStandalone target not found
Native extension for WindowsStandalone target not found
Native extension for WebGL target not found
Refreshing native plugins compatible for Editor in 0.84 ms, found 0 plugins.
Preloading 0 native plugins for Editor in 0.00 ms.
Invoked RoslynAnalysisRunner static constructor.
RoslynAnalysisRunner will not be running.
RoslynAnalysisRunner has terminated.
Mono: successfully reloaded assembly
- Completed reload, in  3.394 seconds
Platform modules already initialized, skipping
Refreshing native plugins compatible for Editor in 0.99 ms, found 0 plugins.
Preloading 0 native plugins for Editor in 0.00 ms.
Unloading 1415 Unused Serialized files (Serialized files now loaded: 0)
System memory in use before: 69.4 MB.
System memory in use after: 69.5 MB.

Unloading 11 unused Assets to reduce memory usage. Loaded Objects now: 1874.
Total: 6.118600 ms (FindLiveObjects: 0.583200 ms CreateObjectMapping: 0.255200 ms MarkObjects: 5.121400 ms  DeleteObjects: 0.155100 ms)

========================================================================
Received Prepare
Registering precompiled user dll's ...
Registered in 0.002226 seconds.
Begin MonoManager ReloadAssembly
Native extension for LinuxStandalone target not found
Native extension for WindowsStandalone target not found
Native extension for WebGL target not found
Refreshing native plugins compatible for Editor in 0.38 ms, found 0 plugins.
Preloading 0 native plugins for Editor in 0.00 ms.
Invoked RoslynAnalysisRunner static constructor.
RoslynAnalysisRunner will not be running.
RoslynAnalysisRunner has terminated.
Mono: successfully reloaded assembly
- Completed reload, in  0.984 seconds
Platform modules already initialized, skipping
Refreshing native plugins compatible for Editor in 0.33 ms, found 0 plugins.
Preloading 0 native plugins for Editor in 0.00 ms.
Unloading 1416 Unused Serialized files (Serialized files now loaded: 0)
System memory in use before: 69.5 MB.
System memory in use after: 69.6 MB.

Unloading 10 unused Assets to reduce memory usage. Loaded Objects now: 1878.
Total: 2.494200 ms (FindLiveObjects: 0.238300 ms CreateObjectMapping: 0.059100 ms MarkObjects: 2.130400 ms  DeleteObjects: 0.063400 ms)

========================================================================
Received Prepare
Registering precompiled user dll's ...
Registered in 0.002819 seconds.
Begin MonoManager ReloadAssembly
Native extension for LinuxStandalone target not found
Native extension for WindowsStandalone target not found
Native extension for WebGL target not found
Refreshing native plugins compatible for Editor in 0.27 ms, found 0 plugins.
Preloading 0 native plugins for Editor in 0.00 ms.
Invoked RoslynAnalysisRunner static constructor.
RoslynAnalysisRunner will not be running.
RoslynAnalysisRunner has terminated.
Mono: successfully reloaded assembly
- Completed reload, in  0.718 seconds
Platform modules already initialized, skipping
Refreshing native plugins compatible for Editor in 0.36 ms, found 0 plugins.
Preloading 0 native plugins for Editor in 0.00 ms.
Unloading 1416 Unused Serialized files (Serialized files now loaded: 0)
System memory in use before: 69.5 MB.
System memory in use after: 69.6 MB.

Unloading 10 unused Assets to reduce memory usage. Loaded Objects now: 1881.
Total: 1.900200 ms (FindLiveObjects: 0.208300 ms CreateObjectMapping: 0.070900 ms MarkObjects: 1.567000 ms  DeleteObjects: 0.053100 ms)

AssetImportWorkerClient::OnTransportError - code=2 error=End of file
