Using pre-set license
Built from '2020.3/staging' branch; Version is '2020.3.0f1 (c7b5465681fb) revision 13088070'; Using compiler version '192528614'; Build Type 'Release'
OS: 'Windows 10 Home Single Language; OS build 19042.928; Version 2009; 64bit' Language: 'en' Physical Memory: 8034 MB
BatchMode: 1, IsHumanControllingUs: 0, StartBugReporterOnCrash: 0, Is64bit: 1, IsPro: 0

 COMMAND LINE ARGUMENTS:
D:\app\New folder\2020.3.0f1\Editor\Unity.exe
-adb2
-batchMode
-noUpm
-name
AssetImportWorker4
-projectPath
E:/clone/LEARN_UNITY/LEARN_clone_0
-logFile
Logs/AssetImportWorker4.log
-srvPort
57119
Successfully changed project path to: E:/clone/LEARN_UNITY/LEARN_clone_0
E:/clone/LEARN_UNITY/LEARN_clone_0
Using Asset Import Pipeline V2.
Refreshing native plugins compatible for Editor in 188.08 ms, found 0 plugins.
Preloading 0 native plugins for Editor in 0.00 ms.
Initialize engine version: 2020.3.0f1 (c7b5465681fb)
[Subsystems] Discovering subsystems at path D:/app/New folder/2020.3.0f1/Editor/Data/Resources/UnitySubsystems
[Subsystems] Discovering subsystems at path E:/clone/LEARN_UNITY/LEARN_clone_0/Assets
GfxDevice: creating device client; threaded=0
Direct3D:
    Version:  Direct3D 11.0 [level 11.1]
    Renderer: NVIDIA GeForce GTX 1050 (ID=0x1c92)
    Vendor:   
    VRAM:     4021 MB
    Driver:   26.21.14.4128
Initialize mono
Mono path[0] = 'D:/app/New folder/2020.3.0f1/Editor/Data/Managed'
Mono path[1] = 'D:/app/New folder/2020.3.0f1/Editor/Data/MonoBleedingEdge/lib/mono/unityjit'
Mono config path = 'D:/app/New folder/2020.3.0f1/Editor/Data/MonoBleedingEdge/etc'
Using monoOptions --debugger-agent=transport=dt_socket,embedding=1,server=y,suspend=n,address=127.0.0.1:56472
Begin MonoManager ReloadAssembly
Registering precompiled unity dll's ...
Register platform support module: D:/app/New folder/2020.3.0f1/Editor/Data/PlaybackEngines/WebGLSupport/UnityEditor.WebGL.Extensions.dll
Register platform support module: D:/app/New folder/2020.3.0f1/Editor/Data/PlaybackEngines/WindowsStandaloneSupport/UnityEditor.WindowsStandalone.Extensions.dll
Register platform support module: D:/app/New folder/2020.3.0f1/Editor/Data/PlaybackEngines/LinuxStandaloneSupport/UnityEditor.LinuxStandalone.Extensions.dll
Registered in 0.008420 seconds.
Native extension for LinuxStandalone target not found
Native extension for WindowsStandalone target not found
Native extension for WebGL target not found
Refreshing native plugins compatible for Editor in 191.04 ms, found 0 plugins.
Preloading 0 native plugins for Editor in 0.00 ms.
Invoked RoslynAnalysisRunner static constructor.
RoslynAnalysisRunner will not be running.
RoslynAnalysisRunner has terminated.
Mono: successfully reloaded assembly
- Completed reload, in  8.726 seconds
Platform modules already initialized, skipping
Registering precompiled user dll's ...
Registered in 0.013158 seconds.
Begin MonoManager ReloadAssembly
Native extension for LinuxStandalone target not found
Native extension for WindowsStandalone target not found
Native extension for WebGL target not found
Refreshing native plugins compatible for Editor in 0.72 ms, found 0 plugins.
Preloading 0 native plugins for Editor in 0.00 ms.
Invoked RoslynAnalysisRunner static constructor.
RoslynAnalysisRunner will not be running.
RoslynAnalysisRunner has terminated.
Find all reader and writers took 381 milliseconds
Script Module: UnityEngine.UI.dll
Weave behaviours and messages took393 milliseconds
Find all reader and writers took 274 milliseconds
Script Module: UnityEngine.TestRunner.dll
Weave behaviours and messages took106 milliseconds
Find all reader and writers took 236 milliseconds
Script Module: SimpleWebTransport.dll
Weave behaviours and messages took34 milliseconds
Find all reader and writers took 274 milliseconds
Script Module: Unity.Timeline.dll
Weave behaviours and messages took204 milliseconds
Find all reader and writers took 319 milliseconds
Script Module: Unity.TextMeshPro.dll
Weave behaviours and messages took445 milliseconds
Find all reader and writers took 306 milliseconds
Script Module: Telepathy.dll
Weave behaviours and messages took14 milliseconds
Find all reader and writers took 195 milliseconds
Script Module: kcp2k.dll
Weave behaviours and messages took27 milliseconds
Find all reader and writers took 277 milliseconds
Script Module: Mirror.Examples.Cloud.GUI.dll
Weave behaviours and messages took16 milliseconds
Find all reader and writers took 242 milliseconds
Script Module: Mirror.Cloud.dll
Weave behaviours and messages took15 milliseconds
Find all reader and writers took 649 milliseconds
Script Module: UnityEditor.TestRunner.dll
Weave behaviours and messages took255 milliseconds
Find all reader and writers took 393 milliseconds
Script Module: UnityEditor.UI.dll
Weave behaviours and messages took84 milliseconds
