Using pre-set license
Built from '2020.3/staging' branch; Version is '2020.3.0f1 (c7b5465681fb) revision 13088070'; Using compiler version '192528614'; Build Type 'Release'
OS: 'Windows 10 Home Single Language; OS build 19042.1288; Version 2009; 64bit' Language: 'en' Physical Memory: 8034 MB
BatchMode: 1, IsHumanControllingUs: 0, StartBugReporterOnCrash: 0, Is64bit: 1, IsPro: 0

 COMMAND LINE ARGUMENTS:
D:\app\New folder\2020.3.0f1\Editor\Unity.exe
-adb2
-batchMode
-noUpm
-name
AssetImportWorker0
-projectPath
E:/clone/LEARN_UNITY/LEARN
-logFile
Logs/AssetImportWorker0.log
-srvPort
62932
Successfully changed project path to: E:/clone/LEARN_UNITY/LEARN
E:/clone/LEARN_UNITY/LEARN
Using Asset Import Pipeline V2.
Refreshing native plugins compatible for Editor in 132.32 ms, found 0 plugins.
Preloading 0 native plugins for Editor in 0.00 ms.
Initialize engine version: 2020.3.0f1 (c7b5465681fb)
[Subsystems] Discovering subsystems at path D:/app/New folder/2020.3.0f1/Editor/Data/Resources/UnitySubsystems
[Subsystems] Discovering subsystems at path E:/clone/LEARN_UNITY/LEARN/Assets
GfxDevice: creating device client; threaded=0
Direct3D:
    Version:  Direct3D 11.0 [level 11.1]
    Renderer: NVIDIA GeForce GTX 1050 (ID=0x1c92)
    Vendor:   
    VRAM:     4021 MB
    Driver:   30.0.14.7111
Initialize mono
Mono path[0] = 'D:/app/New folder/2020.3.0f1/Editor/Data/Managed'
Mono path[1] = 'D:/app/New folder/2020.3.0f1/Editor/Data/MonoBleedingEdge/lib/mono/unityjit'
Mono config path = 'D:/app/New folder/2020.3.0f1/Editor/Data/MonoBleedingEdge/etc'
Using monoOptions --debugger-agent=transport=dt_socket,embedding=1,server=y,suspend=n,address=127.0.0.1:56216
Begin MonoManager ReloadAssembly
Registering precompiled unity dll's ...
Register platform support module: D:/app/New folder/2020.3.0f1/Editor/Data/PlaybackEngines/WebGLSupport/UnityEditor.WebGL.Extensions.dll
Register platform support module: D:/app/New folder/2020.3.0f1/Editor/Data/PlaybackEngines/WindowsStandaloneSupport/UnityEditor.WindowsStandalone.Extensions.dll
Register platform support module: D:/app/New folder/2020.3.0f1/Editor/Data/PlaybackEngines/LinuxStandaloneSupport/UnityEditor.LinuxStandalone.Extensions.dll
Registered in 0.008679 seconds.
Native extension for LinuxStandalone target not found
Native extension for WindowsStandalone target not found
Native extension for WebGL target not found
Refreshing native plugins compatible for Editor in 123.10 ms, found 0 plugins.
Preloading 0 native plugins for Editor in 0.00 ms.
Invoked RoslynAnalysisRunner static constructor.
RoslynAnalysisRunner will not be running.
RoslynAnalysisRunner has terminated.
Mono: successfully reloaded assembly
- Completed reload, in  9.059 seconds
Platform modules already initialized, skipping
Registering precompiled user dll's ...
Registered in 0.003125 seconds.
Begin MonoManager ReloadAssembly
Native extension for LinuxStandalone target not found
Native extension for WindowsStandalone target not found
Native extension for WebGL target not found
Refreshing native plugins compatible for Editor in 0.78 ms, found 0 plugins.
Preloading 0 native plugins for Editor in 0.00 ms.
Invoked RoslynAnalysisRunner static constructor.
RoslynAnalysisRunner will not be running.
RoslynAnalysisRunner has terminated.
Mono: successfully reloaded assembly
- Completed reload, in  3.561 seconds
Platform modules already initialized, skipping
========================================================================
Worker process is ready to serve import requests
Launched and connected shader compiler UnityShaderCompiler.exe after 0.25 seconds
Refreshing native plugins compatible for Editor in 0.93 ms, found 0 plugins.
Preloading 0 native plugins for Editor in 0.00 ms.
Unloading 1675 Unused Serialized files (Serialized files now loaded: 0)
System memory in use before: 80.8 MB.
System memory in use after: 80.9 MB.

Unloading 11 unused Assets to reduce memory usage. Loaded Objects now: 2124.
Total: 6.384300 ms (FindLiveObjects: 0.508300 ms CreateObjectMapping: 0.285900 ms MarkObjects: 5.230500 ms  DeleteObjects: 0.354500 ms)

========================================================================
Received Import Request.
  path: Assets/Script/Unit/Brain/Base/type/PlayerBrain.cs
  artifactKey: Guid(595343739c0e5cd41a7eab8722fccecd) Importer(815301076,1909f56bfc062723c751e8b465ee728b)
Start importing Assets/Script/Unit/Brain/Base/type/PlayerBrain.cs using Guid(595343739c0e5cd41a7eab8722fccecd) Importer(815301076,1909f56bfc062723c751e8b465ee728b)  -> (artifact id: 'bb3b6499c6dc48b9013c731ab8c52971') in 0.198701 seconds
  Import took 0.211745 seconds .

========================================================================
Received Prepare
Registering precompiled user dll's ...
Registered in 0.002309 seconds.
Begin MonoManager ReloadAssembly
Native extension for LinuxStandalone target not found
Native extension for WindowsStandalone target not found
Native extension for WebGL target not found
Refreshing native plugins compatible for Editor in 0.63 ms, found 0 plugins.
Preloading 0 native plugins for Editor in 0.00 ms.
Invoked RoslynAnalysisRunner static constructor.
RoslynAnalysisRunner will not be running.
RoslynAnalysisRunner has terminated.
Mono: successfully reloaded assembly
- Completed reload, in  2.735 seconds
Platform modules already initialized, skipping
Refreshing native plugins compatible for Editor in 0.79 ms, found 0 plugins.
Preloading 0 native plugins for Editor in 0.00 ms.
Unloading 1647 Unused Serialized files (Serialized files now loaded: 0)
System memory in use before: 79.0 MB.
System memory in use after: 79.1 MB.

Unloading 6 unused Assets to reduce memory usage. Loaded Objects now: 2128.
Total: 9.412700 ms (FindLiveObjects: 0.476500 ms CreateObjectMapping: 0.222400 ms MarkObjects: 8.493900 ms  DeleteObjects: 0.215800 ms)

========================================================================
Received Import Request.
  Time since last request: 314.188089 seconds.
  path: Assets/Prefab/HUD/Menu/CustomMenu_HUD.prefab
  artifactKey: Guid(027695f195cb0014ca3c8c75d5a2e63a) Importer(815301076,1909f56bfc062723c751e8b465ee728b)
Start importing Assets/Prefab/HUD/Menu/CustomMenu_HUD.prefab using Guid(027695f195cb0014ca3c8c75d5a2e63a) Importer(815301076,1909f56bfc062723c751e8b465ee728b)  -> (artifact id: 'f01b40b1dfacf34203fa32f912df1c7f') in 0.568951 seconds
  Import took 0.579253 seconds .

========================================================================
Received Prepare
Registering precompiled user dll's ...
Registered in 0.001657 seconds.
Begin MonoManager ReloadAssembly
Native extension for LinuxStandalone target not found
Native extension for WindowsStandalone target not found
Native extension for WebGL target not found
Refreshing native plugins compatible for Editor in 0.77 ms, found 0 plugins.
Preloading 0 native plugins for Editor in 0.00 ms.
Invoked RoslynAnalysisRunner static constructor.
RoslynAnalysisRunner will not be running.
RoslynAnalysisRunner has terminated.
Mono: successfully reloaded assembly
- Completed reload, in  3.066 seconds
Platform modules already initialized, skipping
Refreshing native plugins compatible for Editor in 0.77 ms, found 0 plugins.
Preloading 0 native plugins for Editor in 0.00 ms.
Unloading 1646 Unused Serialized files (Serialized files now loaded: 0)
System memory in use before: 79.1 MB.
System memory in use after: 79.2 MB.

Unloading 7 unused Assets to reduce memory usage. Loaded Objects now: 2133.
Total: 13.868900 ms (FindLiveObjects: 0.748300 ms CreateObjectMapping: 0.521800 ms MarkObjects: 12.329500 ms  DeleteObjects: 0.263500 ms)

========================================================================
Received Prepare
Registering precompiled user dll's ...
Registered in 0.002014 seconds.
Begin MonoManager ReloadAssembly
Native extension for LinuxStandalone target not found
Native extension for WindowsStandalone target not found
Native extension for WebGL target not found
Refreshing native plugins compatible for Editor in 0.72 ms, found 0 plugins.
Preloading 0 native plugins for Editor in 0.00 ms.
Invoked RoslynAnalysisRunner static constructor.
RoslynAnalysisRunner will not be running.
RoslynAnalysisRunner has terminated.
Mono: successfully reloaded assembly
- Completed reload, in  2.897 seconds
Platform modules already initialized, skipping
Refreshing native plugins compatible for Editor in 0.83 ms, found 0 plugins.
Preloading 0 native plugins for Editor in 0.00 ms.
Unloading 1646 Unused Serialized files (Serialized files now loaded: 0)
System memory in use before: 79.1 MB.
System memory in use after: 79.2 MB.

Unloading 6 unused Assets to reduce memory usage. Loaded Objects now: 2136.
Total: 6.841100 ms (FindLiveObjects: 0.460600 ms CreateObjectMapping: 0.185900 ms MarkObjects: 6.003500 ms  DeleteObjects: 0.187500 ms)

========================================================================
Received Prepare
Registering precompiled user dll's ...
Registered in 0.002011 seconds.
Begin MonoManager ReloadAssembly
Native extension for LinuxStandalone target not found
Native extension for WindowsStandalone target not found
Native extension for WebGL target not found
Refreshing native plugins compatible for Editor in 0.71 ms, found 0 plugins.
Preloading 0 native plugins for Editor in 0.00 ms.
Invoked RoslynAnalysisRunner static constructor.
RoslynAnalysisRunner will not be running.
RoslynAnalysisRunner has terminated.
Mono: successfully reloaded assembly
- Completed reload, in  2.663 seconds
Platform modules already initialized, skipping
Refreshing native plugins compatible for Editor in 0.77 ms, found 0 plugins.
Preloading 0 native plugins for Editor in 0.00 ms.
Unloading 1646 Unused Serialized files (Serialized files now loaded: 0)
System memory in use before: 79.1 MB.
System memory in use after: 79.2 MB.

Unloading 6 unused Assets to reduce memory usage. Loaded Objects now: 2139.
Total: 5.803300 ms (FindLiveObjects: 0.425700 ms CreateObjectMapping: 0.195100 ms MarkObjects: 5.008400 ms  DeleteObjects: 0.170600 ms)

========================================================================
Received Prepare
Registering precompiled user dll's ...
Registered in 0.002267 seconds.
Begin MonoManager ReloadAssembly
Native extension for LinuxStandalone target not found
Native extension for WindowsStandalone target not found
Native extension for WebGL target not found
Refreshing native plugins compatible for Editor in 0.86 ms, found 0 plugins.
Preloading 0 native plugins for Editor in 0.00 ms.
Invoked RoslynAnalysisRunner static constructor.
RoslynAnalysisRunner will not be running.
RoslynAnalysisRunner has terminated.
Mono: successfully reloaded assembly
- Completed reload, in  2.995 seconds
Platform modules already initialized, skipping
Refreshing native plugins compatible for Editor in 0.86 ms, found 0 plugins.
Preloading 0 native plugins for Editor in 0.00 ms.
Unloading 1646 Unused Serialized files (Serialized files now loaded: 0)
System memory in use before: 79.1 MB.
System memory in use after: 79.2 MB.

Unloading 6 unused Assets to reduce memory usage. Loaded Objects now: 2142.
Total: 6.022700 ms (FindLiveObjects: 0.444700 ms CreateObjectMapping: 0.185000 ms MarkObjects: 5.211600 ms  DeleteObjects: 0.178100 ms)

========================================================================
Received Import Request.
  Time since last request: 320.212943 seconds.
  path: Assets/Prefab/HUD/Menu/CustomMenu_HUD.prefab
  artifactKey: Guid(027695f195cb0014ca3c8c75d5a2e63a) Importer(815301076,1909f56bfc062723c751e8b465ee728b)
Start importing Assets/Prefab/HUD/Menu/CustomMenu_HUD.prefab using Guid(027695f195cb0014ca3c8c75d5a2e63a) Importer(815301076,1909f56bfc062723c751e8b465ee728b)  -> (artifact id: '3a5a8d6336f41d7d9494d4b9721f2c72') in 0.171561 seconds
  Import took 0.181705 seconds .

========================================================================
Received Prepare
Registering precompiled user dll's ...
Registered in 0.001881 seconds.
Begin MonoManager ReloadAssembly
Native extension for LinuxStandalone target not found
Native extension for WindowsStandalone target not found
Native extension for WebGL target not found
Refreshing native plugins compatible for Editor in 0.73 ms, found 0 plugins.
Preloading 0 native plugins for Editor in 0.00 ms.
Invoked RoslynAnalysisRunner static constructor.
RoslynAnalysisRunner will not be running.
RoslynAnalysisRunner has terminated.
Mono: successfully reloaded assembly
- Completed reload, in  2.858 seconds
Platform modules already initialized, skipping
Refreshing native plugins compatible for Editor in 0.94 ms, found 0 plugins.
Preloading 0 native plugins for Editor in 0.00 ms.
Unloading 1646 Unused Serialized files (Serialized files now loaded: 0)
System memory in use before: 79.1 MB.
System memory in use after: 79.2 MB.

Unloading 7 unused Assets to reduce memory usage. Loaded Objects now: 2145.
Total: 6.658500 ms (FindLiveObjects: 0.607600 ms CreateObjectMapping: 0.267400 ms MarkObjects: 5.574600 ms  DeleteObjects: 0.203600 ms)

========================================================================
Received Prepare
Registering precompiled user dll's ...
Registered in 0.002184 seconds.
Begin MonoManager ReloadAssembly
Native extension for LinuxStandalone target not found
Native extension for WindowsStandalone target not found
Native extension for WebGL target not found
Refreshing native plugins compatible for Editor in 0.79 ms, found 0 plugins.
Preloading 0 native plugins for Editor in 0.00 ms.
Invoked RoslynAnalysisRunner static constructor.
RoslynAnalysisRunner will not be running.
RoslynAnalysisRunner has terminated.
Mono: successfully reloaded assembly
- Completed reload, in  2.871 seconds
Platform modules already initialized, skipping
Refreshing native plugins compatible for Editor in 0.61 ms, found 0 plugins.
Preloading 0 native plugins for Editor in 0.00 ms.
Unloading 1646 Unused Serialized files (Serialized files now loaded: 0)
System memory in use before: 79.1 MB.
System memory in use after: 79.2 MB.

Unloading 6 unused Assets to reduce memory usage. Loaded Objects now: 2148.
Total: 4.939300 ms (FindLiveObjects: 0.337600 ms CreateObjectMapping: 0.135900 ms MarkObjects: 4.295300 ms  DeleteObjects: 0.167700 ms)

========================================================================
Received Prepare
Registering precompiled user dll's ...
Registered in 0.002079 seconds.
Begin MonoManager ReloadAssembly
Native extension for LinuxStandalone target not found
Native extension for WindowsStandalone target not found
Native extension for WebGL target not found
Refreshing native plugins compatible for Editor in 0.73 ms, found 0 plugins.
Preloading 0 native plugins for Editor in 0.00 ms.
Invoked RoslynAnalysisRunner static constructor.
RoslynAnalysisRunner will not be running.
RoslynAnalysisRunner has terminated.
Mono: successfully reloaded assembly
- Completed reload, in  2.908 seconds
Platform modules already initialized, skipping
Refreshing native plugins compatible for Editor in 0.83 ms, found 0 plugins.
Preloading 0 native plugins for Editor in 0.00 ms.
Unloading 1646 Unused Serialized files (Serialized files now loaded: 0)
System memory in use before: 79.1 MB.
System memory in use after: 79.2 MB.

Unloading 6 unused Assets to reduce memory usage. Loaded Objects now: 2151.
Total: 5.962200 ms (FindLiveObjects: 0.448700 ms CreateObjectMapping: 0.228800 ms MarkObjects: 5.102900 ms  DeleteObjects: 0.177500 ms)

========================================================================
Received Prepare
Registering precompiled user dll's ...
Registered in 0.001895 seconds.
Begin MonoManager ReloadAssembly
Native extension for LinuxStandalone target not found
Native extension for WindowsStandalone target not found
Native extension for WebGL target not found
Refreshing native plugins compatible for Editor in 0.74 ms, found 0 plugins.
Preloading 0 native plugins for Editor in 0.00 ms.
Invoked RoslynAnalysisRunner static constructor.
RoslynAnalysisRunner will not be running.
RoslynAnalysisRunner has terminated.
Mono: successfully reloaded assembly
- Completed reload, in  3.003 seconds
Platform modules already initialized, skipping
Refreshing native plugins compatible for Editor in 0.81 ms, found 0 plugins.
Preloading 0 native plugins for Editor in 0.00 ms.
Unloading 1646 Unused Serialized files (Serialized files now loaded: 0)
System memory in use before: 79.1 MB.
System memory in use after: 79.2 MB.

Unloading 6 unused Assets to reduce memory usage. Loaded Objects now: 2154.
Total: 5.878500 ms (FindLiveObjects: 0.467200 ms CreateObjectMapping: 0.190900 ms MarkObjects: 5.031800 ms  DeleteObjects: 0.184900 ms)

========================================================================
Received Import Request.
  Time since last request: 707.180807 seconds.
  path: Assets/Script/Unit/Brain/Base/type/AIBrain.cs
  artifactKey: Guid(e43e3e0cb181bb64c923f5d175f0b28d) Importer(815301076,1909f56bfc062723c751e8b465ee728b)
Start importing Assets/Script/Unit/Brain/Base/type/AIBrain.cs using Guid(e43e3e0cb181bb64c923f5d175f0b28d) Importer(815301076,1909f56bfc062723c751e8b465ee728b)  -> (artifact id: '7a095f79472ffbf6ea05d41af481ac66') in 0.051347 seconds
  Import took 0.061774 seconds .

========================================================================
Received Import Request.
  Time since last request: 0.087592 seconds.
  path: Assets/Script/Unit/Brain/Base/type/AIBrain.cs
  artifactKey: Guid(e43e3e0cb181bb64c923f5d175f0b28d) Importer(815301076,1909f56bfc062723c751e8b465ee728b)
Start importing Assets/Script/Unit/Brain/Base/type/AIBrain.cs using Guid(e43e3e0cb181bb64c923f5d175f0b28d) Importer(815301076,1909f56bfc062723c751e8b465ee728b)  -> (artifact id: '7a095f79472ffbf6ea05d41af481ac66') in 0.008645 seconds
  Import took 0.017820 seconds .

========================================================================
Received Prepare
Registering precompiled user dll's ...
Registered in 0.003756 seconds.
Begin MonoManager ReloadAssembly
Native extension for LinuxStandalone target not found
Native extension for WindowsStandalone target not found
Native extension for WebGL target not found
Refreshing native plugins compatible for Editor in 0.77 ms, found 0 plugins.
Preloading 0 native plugins for Editor in 0.00 ms.
Invoked RoslynAnalysisRunner static constructor.
RoslynAnalysisRunner will not be running.
RoslynAnalysisRunner has terminated.
Mono: successfully reloaded assembly
- Completed reload, in  3.170 seconds
Platform modules already initialized, skipping
Refreshing native plugins compatible for Editor in 0.81 ms, found 0 plugins.
Preloading 0 native plugins for Editor in 0.00 ms.
Unloading 1646 Unused Serialized files (Serialized files now loaded: 0)
System memory in use before: 79.2 MB.
System memory in use after: 79.2 MB.

Unloading 6 unused Assets to reduce memory usage. Loaded Objects now: 2157.
Total: 6.423400 ms (FindLiveObjects: 0.443200 ms CreateObjectMapping: 0.203400 ms MarkObjects: 5.567500 ms  DeleteObjects: 0.205600 ms)

========================================================================
Received Prepare
Registering precompiled user dll's ...
Registered in 0.001904 seconds.
Begin MonoManager ReloadAssembly
Native extension for LinuxStandalone target not found
Native extension for WindowsStandalone target not found
Native extension for WebGL target not found
Refreshing native plugins compatible for Editor in 0.73 ms, found 0 plugins.
Preloading 0 native plugins for Editor in 0.00 ms.
Invoked RoslynAnalysisRunner static constructor.
RoslynAnalysisRunner will not be running.
RoslynAnalysisRunner has terminated.
Mono: successfully reloaded assembly
- Completed reload, in  2.890 seconds
Platform modules already initialized, skipping
Refreshing native plugins compatible for Editor in 0.73 ms, found 0 plugins.
Preloading 0 native plugins for Editor in 0.00 ms.
Unloading 1646 Unused Serialized files (Serialized files now loaded: 0)
System memory in use before: 79.2 MB.
System memory in use after: 79.2 MB.

Unloading 6 unused Assets to reduce memory usage. Loaded Objects now: 2160.
Total: 6.422900 ms (FindLiveObjects: 0.438400 ms CreateObjectMapping: 0.188700 ms MarkObjects: 5.570500 ms  DeleteObjects: 0.221100 ms)

========================================================================
Received Prepare
Registering precompiled user dll's ...
Registered in 0.003172 seconds.
Begin MonoManager ReloadAssembly
Native extension for LinuxStandalone target not found
Native extension for WindowsStandalone target not found
Native extension for WebGL target not found
Refreshing native plugins compatible for Editor in 0.78 ms, found 0 plugins.
Preloading 0 native plugins for Editor in 0.00 ms.
Invoked RoslynAnalysisRunner static constructor.
RoslynAnalysisRunner will not be running.
RoslynAnalysisRunner has terminated.
Mono: successfully reloaded assembly
- Completed reload, in  4.482 seconds
Platform modules already initialized, skipping
Refreshing native plugins compatible for Editor in 0.82 ms, found 0 plugins.
Preloading 0 native plugins for Editor in 0.00 ms.
Unloading 1646 Unused Serialized files (Serialized files now loaded: 0)
System memory in use before: 79.2 MB.
System memory in use after: 79.2 MB.

Unloading 6 unused Assets to reduce memory usage. Loaded Objects now: 2163.
Total: 6.884600 ms (FindLiveObjects: 0.473900 ms CreateObjectMapping: 0.211100 ms MarkObjects: 5.972700 ms  DeleteObjects: 0.222000 ms)

========================================================================
Received Prepare
Registering precompiled user dll's ...
Registered in 0.002100 seconds.
Begin MonoManager ReloadAssembly
Native extension for LinuxStandalone target not found
Native extension for WindowsStandalone target not found
Native extension for WebGL target not found
Refreshing native plugins compatible for Editor in 0.71 ms, found 0 plugins.
Preloading 0 native plugins for Editor in 0.00 ms.
Invoked RoslynAnalysisRunner static constructor.
RoslynAnalysisRunner will not be running.
RoslynAnalysisRunner has terminated.
Mono: successfully reloaded assembly
- Completed reload, in  3.853 seconds
Platform modules already initialized, skipping
Refreshing native plugins compatible for Editor in 0.82 ms, found 0 plugins.
Preloading 0 native plugins for Editor in 0.00 ms.
Unloading 1646 Unused Serialized files (Serialized files now loaded: 0)
System memory in use before: 79.2 MB.
System memory in use after: 79.3 MB.

Unloading 6 unused Assets to reduce memory usage. Loaded Objects now: 2166.
Total: 5.956300 ms (FindLiveObjects: 0.499900 ms CreateObjectMapping: 0.198600 ms MarkObjects: 5.056200 ms  DeleteObjects: 0.195600 ms)

========================================================================
Received Prepare
Registering precompiled user dll's ...
Registered in 0.002057 seconds.
Begin MonoManager ReloadAssembly
Native extension for LinuxStandalone target not found
Native extension for WindowsStandalone target not found
Native extension for WebGL target not found
Refreshing native plugins compatible for Editor in 0.81 ms, found 0 plugins.
Preloading 0 native plugins for Editor in 0.00 ms.
Invoked RoslynAnalysisRunner static constructor.
RoslynAnalysisRunner will not be running.
RoslynAnalysisRunner has terminated.
Mono: successfully reloaded assembly
- Completed reload, in  3.119 seconds
Platform modules already initialized, skipping
Refreshing native plugins compatible for Editor in 0.81 ms, found 0 plugins.
Preloading 0 native plugins for Editor in 0.00 ms.
Unloading 1646 Unused Serialized files (Serialized files now loaded: 0)
System memory in use before: 79.2 MB.
System memory in use after: 79.3 MB.

Unloading 6 unused Assets to reduce memory usage. Loaded Objects now: 2169.
Total: 6.388200 ms (FindLiveObjects: 0.560800 ms CreateObjectMapping: 0.271900 ms MarkObjects: 5.317300 ms  DeleteObjects: 0.233800 ms)

========================================================================
Received Import Request.
  Time since last request: 4590.437920 seconds.
  path: Assets/Script/Unit/Brain/Base/type/AIBrain.cs
  artifactKey: Guid(e43e3e0cb181bb64c923f5d175f0b28d) Importer(815301076,1909f56bfc062723c751e8b465ee728b)
Start importing Assets/Script/Unit/Brain/Base/type/AIBrain.cs using Guid(e43e3e0cb181bb64c923f5d175f0b28d) Importer(815301076,1909f56bfc062723c751e8b465ee728b)  -> (artifact id: '891d62290fbefe4b96e8bb19add919e7') in 0.018805 seconds
  Import took 0.031501 seconds .

========================================================================
Received Import Request.
  Time since last request: 0.121533 seconds.
  path: Assets/Script/Unit/Brain/Base/type/AIBrain.cs
  artifactKey: Guid(e43e3e0cb181bb64c923f5d175f0b28d) Importer(815301076,1909f56bfc062723c751e8b465ee728b)
Start importing Assets/Script/Unit/Brain/Base/type/AIBrain.cs using Guid(e43e3e0cb181bb64c923f5d175f0b28d) Importer(815301076,1909f56bfc062723c751e8b465ee728b)  -> (artifact id: '891d62290fbefe4b96e8bb19add919e7') in 0.004817 seconds
  Import took 0.013259 seconds .

========================================================================
Received Import Request.
  Time since last request: 0.147179 seconds.
  path: Assets/Script/Unit/Brain/Base/type/PlayerBrain.cs
  artifactKey: Guid(595343739c0e5cd41a7eab8722fccecd) Importer(815301076,1909f56bfc062723c751e8b465ee728b)
Start importing Assets/Script/Unit/Brain/Base/type/PlayerBrain.cs using Guid(595343739c0e5cd41a7eab8722fccecd) Importer(815301076,1909f56bfc062723c751e8b465ee728b)  -> (artifact id: '138d4625c17956e7d4b9b8e1080ee8bc') in 0.004534 seconds
  Import took 0.015781 seconds .

========================================================================
Received Import Request.
  Time since last request: 0.001688 seconds.
  path: Assets/Script/Unit/Brain/Base/type/PlayerBrain.cs
  artifactKey: Guid(595343739c0e5cd41a7eab8722fccecd) Importer(815301076,1909f56bfc062723c751e8b465ee728b)
Start importing Assets/Script/Unit/Brain/Base/type/PlayerBrain.cs using Guid(595343739c0e5cd41a7eab8722fccecd) Importer(815301076,1909f56bfc062723c751e8b465ee728b)  -> (artifact id: '138d4625c17956e7d4b9b8e1080ee8bc') in 0.005274 seconds
  Import took 0.014593 seconds .

========================================================================
Received Import Request.
  Time since last request: 22.958562 seconds.
  path: Assets/Script/Unit/Brain/Base/Brain
  artifactKey: Guid(af9884cbb60276146a7402738c7e67d5) Importer(815301076,1909f56bfc062723c751e8b465ee728b)
Start importing Assets/Script/Unit/Brain/Base/Brain using Guid(af9884cbb60276146a7402738c7e67d5) Importer(815301076,1909f56bfc062723c751e8b465ee728b)  -> (artifact id: 'a9fbb9013799173ed71c9353e7490050') in 0.026220 seconds
  Import took 0.038175 seconds .

========================================================================
Received Import Request.
  Time since last request: 0.018467 seconds.
  path: Assets/Script/Unit/Brain/Base/Brain
  artifactKey: Guid(af9884cbb60276146a7402738c7e67d5) Importer(815301076,1909f56bfc062723c751e8b465ee728b)
Start importing Assets/Script/Unit/Brain/Base/Brain using Guid(af9884cbb60276146a7402738c7e67d5) Importer(815301076,1909f56bfc062723c751e8b465ee728b)  -> (artifact id: 'a9fbb9013799173ed71c9353e7490050') in 0.011000 seconds
  Import took 0.022282 seconds .

========================================================================
Received Import Request.
  Time since last request: 35.475188 seconds.
  path: Assets/Script/Unit/Brain/Base/Brain/Unit
  artifactKey: Guid(52e382f638a1a9a43be06b17736b4f18) Importer(815301076,1909f56bfc062723c751e8b465ee728b)
Start importing Assets/Script/Unit/Brain/Base/Brain/Unit using Guid(52e382f638a1a9a43be06b17736b4f18) Importer(815301076,1909f56bfc062723c751e8b465ee728b)  -> (artifact id: '315a5582c39f1631a2971cc593315c8f') in 0.024568 seconds
  Import took 0.034073 seconds .

========================================================================
Received Import Request.
  Time since last request: 427.136063 seconds.
  path: Assets/Script/Unit/Brain/Base/Brain/type/AIBrain.cs
  artifactKey: Guid(e43e3e0cb181bb64c923f5d175f0b28d) Importer(815301076,1909f56bfc062723c751e8b465ee728b)
Start importing Assets/Script/Unit/Brain/Base/Brain/type/AIBrain.cs using Guid(e43e3e0cb181bb64c923f5d175f0b28d) Importer(815301076,1909f56bfc062723c751e8b465ee728b)  -> (artifact id: '0cc621e8d235f247faecde6f21180189') in 0.037461 seconds
  Import took 0.050364 seconds .

========================================================================
Received Import Request.
  Time since last request: 0.012915 seconds.
  path: Assets/Script/Unit/Brain/Base/Brain/type/AIBrain.cs
  artifactKey: Guid(e43e3e0cb181bb64c923f5d175f0b28d) Importer(815301076,1909f56bfc062723c751e8b465ee728b)
Start importing Assets/Script/Unit/Brain/Base/Brain/type/AIBrain.cs using Guid(e43e3e0cb181bb64c923f5d175f0b28d) Importer(815301076,1909f56bfc062723c751e8b465ee728b)  -> (artifact id: '0cc621e8d235f247faecde6f21180189') in 0.007114 seconds
  Import took 0.018852 seconds .

========================================================================
Received Import Request.
  Time since last request: 108.650212 seconds.
  path: Assets/Script/Unit/Brain/Base/Brain/type/AIBrain.cs
  artifactKey: Guid(e43e3e0cb181bb64c923f5d175f0b28d) Importer(815301076,1909f56bfc062723c751e8b465ee728b)
Start importing Assets/Script/Unit/Brain/Base/Brain/type/AIBrain.cs using Guid(e43e3e0cb181bb64c923f5d175f0b28d) Importer(815301076,1909f56bfc062723c751e8b465ee728b)  -> (artifact id: 'f0fb80de98cada0b7db5cc07bd942140') in 0.008098 seconds
  Import took 0.021875 seconds .

========================================================================
Received Import Request.
  Time since last request: 0.017425 seconds.
  path: Assets/Script/Unit/Brain/Base/Brain/type/AIBrain.cs
  artifactKey: Guid(e43e3e0cb181bb64c923f5d175f0b28d) Importer(815301076,1909f56bfc062723c751e8b465ee728b)
Start importing Assets/Script/Unit/Brain/Base/Brain/type/AIBrain.cs using Guid(e43e3e0cb181bb64c923f5d175f0b28d) Importer(815301076,1909f56bfc062723c751e8b465ee728b)  -> (artifact id: 'f0fb80de98cada0b7db5cc07bd942140') in 0.007750 seconds
  Import took 0.019553 seconds .

========================================================================
Received Prepare
Registering precompiled user dll's ...
Registered in 0.002034 seconds.
Begin MonoManager ReloadAssembly
Native extension for LinuxStandalone target not found
Native extension for WindowsStandalone target not found
Native extension for WebGL target not found
Refreshing native plugins compatible for Editor in 0.76 ms, found 0 plugins.
Preloading 0 native plugins for Editor in 0.00 ms.
Invoked RoslynAnalysisRunner static constructor.
RoslynAnalysisRunner will not be running.
RoslynAnalysisRunner has terminated.
Mono: successfully reloaded assembly
- Completed reload, in  4.174 seconds
Platform modules already initialized, skipping
Refreshing native plugins compatible for Editor in 0.77 ms, found 0 plugins.
Preloading 0 native plugins for Editor in 0.00 ms.
Unloading 1646 Unused Serialized files (Serialized files now loaded: 0)
System memory in use before: 79.2 MB.
System memory in use after: 79.3 MB.

Unloading 6 unused Assets to reduce memory usage. Loaded Objects now: 2172.
Total: 6.184200 ms (FindLiveObjects: 0.473000 ms CreateObjectMapping: 0.184300 ms MarkObjects: 5.251400 ms  DeleteObjects: 0.272000 ms)

========================================================================
Received Import Request.
  Time since last request: 147.929235 seconds.
  path: Assets/Prefab/Unit/Tank.prefab
  artifactKey: Guid(0b036bae7b10dae4caaac8bf70cfe1d0) Importer(815301076,1909f56bfc062723c751e8b465ee728b)
Start importing Assets/Prefab/Unit/Tank.prefab using Guid(0b036bae7b10dae4caaac8bf70cfe1d0) Importer(815301076,1909f56bfc062723c751e8b465ee728b)  -> (artifact id: '70b6678093e1b483b4255bb4bec815ee') in 0.462780 seconds
  Import took 0.474615 seconds .

========================================================================
Received Import Request.
  Time since last request: 44.186753 seconds.
  path: Assets/Prefab/Unit/Tank 1.prefab
  artifactKey: Guid(bf37aac318a43654bafeadc5edb5a92b) Importer(815301076,1909f56bfc062723c751e8b465ee728b)
Start importing Assets/Prefab/Unit/Tank 1.prefab using Guid(bf37aac318a43654bafeadc5edb5a92b) Importer(815301076,1909f56bfc062723c751e8b465ee728b)  -> (artifact id: '4892f573c70865865847f0068767757c') in 0.075865 seconds
  Import took 0.090470 seconds .

========================================================================
Received Import Request.
  Time since last request: 8.853625 seconds.
  path: Assets/Prefab/Unit/TankHuman.prefab
  artifactKey: Guid(bf37aac318a43654bafeadc5edb5a92b) Importer(815301076,1909f56bfc062723c751e8b465ee728b)
Start importing Assets/Prefab/Unit/TankHuman.prefab using Guid(bf37aac318a43654bafeadc5edb5a92b) Importer(815301076,1909f56bfc062723c751e8b465ee728b)  -> (artifact id: 'ccd5b07c65558b0c2900084bb019b66c') in 0.063816 seconds
  Import took 0.077095 seconds .

========================================================================
Received Import Request.
  Time since last request: 0.010188 seconds.
  path: Assets/Prefab/Unit/TankHuman.prefab
  artifactKey: Guid(bf37aac318a43654bafeadc5edb5a92b) Importer(815301076,1909f56bfc062723c751e8b465ee728b)
Start importing Assets/Prefab/Unit/TankHuman.prefab using Guid(bf37aac318a43654bafeadc5edb5a92b) Importer(815301076,1909f56bfc062723c751e8b465ee728b)  -> (artifact id: 'ccd5b07c65558b0c2900084bb019b66c') in 0.038675 seconds
  Import took 0.049395 seconds .

========================================================================
Received Import Request.
  Time since last request: 5.998902 seconds.
  path: Assets/Prefab/Unit/TankAI.prefab
  artifactKey: Guid(0b036bae7b10dae4caaac8bf70cfe1d0) Importer(815301076,1909f56bfc062723c751e8b465ee728b)
Start importing Assets/Prefab/Unit/TankAI.prefab using Guid(0b036bae7b10dae4caaac8bf70cfe1d0) Importer(815301076,1909f56bfc062723c751e8b465ee728b)  -> (artifact id: 'dc961b659a96e5069db3c8dd9ffb35f4') in 0.057445 seconds
  Import took 0.069703 seconds .

========================================================================
Received Import Request.
  Time since last request: 10.004579 seconds.
  path: Assets/Prefab/Unit/TankAI.prefab
  artifactKey: Guid(0b036bae7b10dae4caaac8bf70cfe1d0) Importer(815301076,1909f56bfc062723c751e8b465ee728b)
Start importing Assets/Prefab/Unit/TankAI.prefab using Guid(0b036bae7b10dae4caaac8bf70cfe1d0) Importer(815301076,1909f56bfc062723c751e8b465ee728b)  -> (artifact id: 'afd4bb6dfa1ee6d0bb6c4a568237d64c') in 0.040302 seconds
  Import took 0.051615 seconds .

========================================================================
Received Import Request.
  Time since last request: 8.553114 seconds.
  path: Assets/Prefab/Unit/TankAI.prefab
  artifactKey: Guid(0b036bae7b10dae4caaac8bf70cfe1d0) Importer(815301076,1909f56bfc062723c751e8b465ee728b)
Start importing Assets/Prefab/Unit/TankAI.prefab using Guid(0b036bae7b10dae4caaac8bf70cfe1d0) Importer(815301076,1909f56bfc062723c751e8b465ee728b)  -> (artifact id: 'a0071e6fd93e0948fafcfef6e69626b3') in 0.052657 seconds
  Import took 0.064963 seconds .

========================================================================
Received Import Request.
  Time since last request: 0.067590 seconds.
  path: Assets/Prefab/Unit/TankAI.prefab
  artifactKey: Guid(0b036bae7b10dae4caaac8bf70cfe1d0) Importer(815301076,1909f56bfc062723c751e8b465ee728b)
Start importing Assets/Prefab/Unit/TankAI.prefab using Guid(0b036bae7b10dae4caaac8bf70cfe1d0) Importer(815301076,1909f56bfc062723c751e8b465ee728b)  -> (artifact id: 'a0071e6fd93e0948fafcfef6e69626b3') in 0.039264 seconds
  Import took 0.051886 seconds .

========================================================================
Received Import Request.
  Time since last request: 4.733205 seconds.
  path: Assets/Prefab/Unit/TankAI.prefab
  artifactKey: Guid(0b036bae7b10dae4caaac8bf70cfe1d0) Importer(815301076,1909f56bfc062723c751e8b465ee728b)
Start importing Assets/Prefab/Unit/TankAI.prefab using Guid(0b036bae7b10dae4caaac8bf70cfe1d0) Importer(815301076,1909f56bfc062723c751e8b465ee728b)  -> (artifact id: 'e0640b3c0944abaf0481f07364598d1e') in 0.047481 seconds
  Import took 0.059172 seconds .

========================================================================
Received Import Request.
  Time since last request: 0.004905 seconds.
  path: Assets/Prefab/Unit/TankAI.prefab
  artifactKey: Guid(0b036bae7b10dae4caaac8bf70cfe1d0) Importer(815301076,1909f56bfc062723c751e8b465ee728b)
Start importing Assets/Prefab/Unit/TankAI.prefab using Guid(0b036bae7b10dae4caaac8bf70cfe1d0) Importer(815301076,1909f56bfc062723c751e8b465ee728b)  -> (artifact id: 'e0640b3c0944abaf0481f07364598d1e') in 0.041961 seconds
  Import took 0.053386 seconds .

========================================================================
Received Import Request.
  Time since last request: 3.439060 seconds.
  path: Assets/Prefab/Unit/TankAI.prefab
  artifactKey: Guid(0b036bae7b10dae4caaac8bf70cfe1d0) Importer(815301076,1909f56bfc062723c751e8b465ee728b)
Start importing Assets/Prefab/Unit/TankAI.prefab using Guid(0b036bae7b10dae4caaac8bf70cfe1d0) Importer(815301076,1909f56bfc062723c751e8b465ee728b)  -> (artifact id: '0dd8a8619187a8563e934aa26ea5581d') in 0.039877 seconds
  Import took 0.052524 seconds .

========================================================================
Received Import Request.
  Time since last request: 3.726666 seconds.
  path: Assets/Prefab/Unit/TankAI.prefab
  artifactKey: Guid(0b036bae7b10dae4caaac8bf70cfe1d0) Importer(815301076,1909f56bfc062723c751e8b465ee728b)
Start importing Assets/Prefab/Unit/TankAI.prefab using Guid(0b036bae7b10dae4caaac8bf70cfe1d0) Importer(815301076,1909f56bfc062723c751e8b465ee728b)  -> (artifact id: '16a32d9a90431d3aad31b97a28d1d28a') in 0.140661 seconds
  Import took 0.153264 seconds .

========================================================================
Received Import Request.
  Time since last request: 1.058772 seconds.
  path: Assets/Prefab/Unit/TankAI.prefab
  artifactKey: Guid(0b036bae7b10dae4caaac8bf70cfe1d0) Importer(815301076,1909f56bfc062723c751e8b465ee728b)
Start importing Assets/Prefab/Unit/TankAI.prefab using Guid(0b036bae7b10dae4caaac8bf70cfe1d0) Importer(815301076,1909f56bfc062723c751e8b465ee728b)  -> (artifact id: 'be5d61cf02a38fd5887143c34c898006') in 0.042485 seconds
  Import took 0.054032 seconds .

========================================================================
Received Import Request.
  Time since last request: 1.246629 seconds.
  path: Assets/Prefab/Unit/TankAI.prefab
  artifactKey: Guid(0b036bae7b10dae4caaac8bf70cfe1d0) Importer(815301076,1909f56bfc062723c751e8b465ee728b)
Start importing Assets/Prefab/Unit/TankAI.prefab using Guid(0b036bae7b10dae4caaac8bf70cfe1d0) Importer(815301076,1909f56bfc062723c751e8b465ee728b)  -> (artifact id: '6ace424e7d265864b5a3ab67ec380be1') in 0.044389 seconds
  Import took 0.131288 seconds .

========================================================================
Received Import Request.
  Time since last request: 1.504468 seconds.
  path: Assets/Prefab/Unit/TankAI.prefab
  artifactKey: Guid(0b036bae7b10dae4caaac8bf70cfe1d0) Importer(815301076,1909f56bfc062723c751e8b465ee728b)
Start importing Assets/Prefab/Unit/TankAI.prefab using Guid(0b036bae7b10dae4caaac8bf70cfe1d0) Importer(815301076,1909f56bfc062723c751e8b465ee728b)  -> (artifact id: 'cbfc0a530bb41d53940e8ad30894a0f1') in 0.044118 seconds
  Import took 0.055961 seconds .

========================================================================
Received Import Request.
  Time since last request: 1.033054 seconds.
  path: Assets/Prefab/Unit/TankAI.prefab
  artifactKey: Guid(0b036bae7b10dae4caaac8bf70cfe1d0) Importer(815301076,1909f56bfc062723c751e8b465ee728b)
Start importing Assets/Prefab/Unit/TankAI.prefab using Guid(0b036bae7b10dae4caaac8bf70cfe1d0) Importer(815301076,1909f56bfc062723c751e8b465ee728b)  -> (artifact id: '5974117234158062a886a3f07ccfb67d') in 0.041839 seconds
  Import took 0.054942 seconds .

========================================================================
Received Import Request.
  Time since last request: 0.007185 seconds.
  path: Assets/Prefab/Unit/TankAI.prefab
  artifactKey: Guid(0b036bae7b10dae4caaac8bf70cfe1d0) Importer(815301076,1909f56bfc062723c751e8b465ee728b)
Start importing Assets/Prefab/Unit/TankAI.prefab using Guid(0b036bae7b10dae4caaac8bf70cfe1d0) Importer(815301076,1909f56bfc062723c751e8b465ee728b)  -> (artifact id: '5974117234158062a886a3f07ccfb67d') in 0.039042 seconds
  Import took 0.049573 seconds .

========================================================================
Received Import Request.
  Time since last request: 3.658331 seconds.
  path: Assets/Prefab/Unit/TankAI.prefab
  artifactKey: Guid(0b036bae7b10dae4caaac8bf70cfe1d0) Importer(815301076,1909f56bfc062723c751e8b465ee728b)
Start importing Assets/Prefab/Unit/TankAI.prefab using Guid(0b036bae7b10dae4caaac8bf70cfe1d0) Importer(815301076,1909f56bfc062723c751e8b465ee728b)  -> (artifact id: '09037cbefb50b37ee0f75701edfe37e7') in 0.038981 seconds
  Import took 0.052357 seconds .

========================================================================
Received Import Request.
  Time since last request: 3.517422 seconds.
  path: Assets/Prefab/Unit/TankAI.prefab
  artifactKey: Guid(0b036bae7b10dae4caaac8bf70cfe1d0) Importer(815301076,1909f56bfc062723c751e8b465ee728b)
Start importing Assets/Prefab/Unit/TankAI.prefab using Guid(0b036bae7b10dae4caaac8bf70cfe1d0) Importer(815301076,1909f56bfc062723c751e8b465ee728b)  -> (artifact id: 'c839aae1522e66342f8753ad207700d6') in 0.047046 seconds
  Import took 0.060611 seconds .

========================================================================
Received Import Request.
  Time since last request: 0.107345 seconds.
  path: Assets/Prefab/Unit/TankAI.prefab
  artifactKey: Guid(0b036bae7b10dae4caaac8bf70cfe1d0) Importer(815301076,1909f56bfc062723c751e8b465ee728b)
Start importing Assets/Prefab/Unit/TankAI.prefab using Guid(0b036bae7b10dae4caaac8bf70cfe1d0) Importer(815301076,1909f56bfc062723c751e8b465ee728b)  -> (artifact id: 'c839aae1522e66342f8753ad207700d6') in 0.038906 seconds
  Import took 0.049408 seconds .

========================================================================
Received Import Request.
  Time since last request: 1.812280 seconds.
  path: Assets/Prefab/Unit/TankAI.prefab
  artifactKey: Guid(0b036bae7b10dae4caaac8bf70cfe1d0) Importer(815301076,1909f56bfc062723c751e8b465ee728b)
Start importing Assets/Prefab/Unit/TankAI.prefab using Guid(0b036bae7b10dae4caaac8bf70cfe1d0) Importer(815301076,1909f56bfc062723c751e8b465ee728b)  -> (artifact id: '847309f4844626bb3a68a39486ac70d9') in 0.041841 seconds
  Import took 0.053615 seconds .

========================================================================
Received Import Request.
  Time since last request: 0.001399 seconds.
  path: Assets/Prefab/Unit/TankAI.prefab
  artifactKey: Guid(0b036bae7b10dae4caaac8bf70cfe1d0) Importer(815301076,1909f56bfc062723c751e8b465ee728b)
Start importing Assets/Prefab/Unit/TankAI.prefab using Guid(0b036bae7b10dae4caaac8bf70cfe1d0) Importer(815301076,1909f56bfc062723c751e8b465ee728b)  -> (artifact id: '847309f4844626bb3a68a39486ac70d9') in 0.039368 seconds
  Import took 0.050695 seconds .

========================================================================
Received Import Request.
  Time since last request: 3.046495 seconds.
  path: Assets/Prefab/Unit/TankAI.prefab
  artifactKey: Guid(0b036bae7b10dae4caaac8bf70cfe1d0) Importer(815301076,1909f56bfc062723c751e8b465ee728b)
Start importing Assets/Prefab/Unit/TankAI.prefab using Guid(0b036bae7b10dae4caaac8bf70cfe1d0) Importer(815301076,1909f56bfc062723c751e8b465ee728b)  -> (artifact id: '373f6a526dc5b18563df7457d1d0a95c') in 0.043292 seconds
  Import took 0.056177 seconds .

========================================================================
Received Prepare
Registering precompiled user dll's ...
Registered in 0.002064 seconds.
Begin MonoManager ReloadAssembly
Native extension for LinuxStandalone target not found
Native extension for WindowsStandalone target not found
Native extension for WebGL target not found
Refreshing native plugins compatible for Editor in 0.79 ms, found 0 plugins.
Preloading 0 native plugins for Editor in 0.00 ms.
Invoked RoslynAnalysisRunner static constructor.
RoslynAnalysisRunner will not be running.
RoslynAnalysisRunner has terminated.
Mono: successfully reloaded assembly
- Completed reload, in  3.673 seconds
Platform modules already initialized, skipping
Refreshing native plugins compatible for Editor in 0.78 ms, found 0 plugins.
Preloading 0 native plugins for Editor in 0.00 ms.
Unloading 1646 Unused Serialized files (Serialized files now loaded: 0)
System memory in use before: 82.4 MB.
System memory in use after: 82.5 MB.

Unloading 8 unused Assets to reduce memory usage. Loaded Objects now: 2184.
Total: 6.548300 ms (FindLiveObjects: 0.657100 ms CreateObjectMapping: 0.289500 ms MarkObjects: 5.354700 ms  DeleteObjects: 0.241300 ms)

========================================================================
Received Prepare
Registering precompiled user dll's ...
Registered in 0.002026 seconds.
Begin MonoManager ReloadAssembly
Native extension for LinuxStandalone target not found
Native extension for WindowsStandalone target not found
Native extension for WebGL target not found
Refreshing native plugins compatible for Editor in 0.81 ms, found 0 plugins.
Preloading 0 native plugins for Editor in 0.00 ms.
Invoked RoslynAnalysisRunner static constructor.
RoslynAnalysisRunner will not be running.
RoslynAnalysisRunner has terminated.
Mono: successfully reloaded assembly
- Completed reload, in  2.900 seconds
Platform modules already initialized, skipping
Refreshing native plugins compatible for Editor in 0.86 ms, found 0 plugins.
Preloading 0 native plugins for Editor in 0.00 ms.
Unloading 1646 Unused Serialized files (Serialized files now loaded: 0)
System memory in use before: 82.4 MB.
System memory in use after: 82.5 MB.

Unloading 6 unused Assets to reduce memory usage. Loaded Objects now: 2187.
Total: 5.870500 ms (FindLiveObjects: 0.417000 ms CreateObjectMapping: 0.192400 ms MarkObjects: 5.079100 ms  DeleteObjects: 0.178600 ms)

========================================================================
Received Import Request.
  Time since last request: 135.215620 seconds.
  path: Assets/Prefab/Unit/TankHuman.prefab
  artifactKey: Guid(bf37aac318a43654bafeadc5edb5a92b) Importer(815301076,1909f56bfc062723c751e8b465ee728b)
Start importing Assets/Prefab/Unit/TankHuman.prefab using Guid(bf37aac318a43654bafeadc5edb5a92b) Importer(815301076,1909f56bfc062723c751e8b465ee728b)  -> (artifact id: 'ea438dddb4f4abdbcecabf8dcce5604e') in 1.033990 seconds
  Import took 1.047688 seconds .

========================================================================
Received Prepare
Registering precompiled user dll's ...
Registered in 0.002037 seconds.
Begin MonoManager ReloadAssembly
Native extension for LinuxStandalone target not found
Native extension for WindowsStandalone target not found
Native extension for WebGL target not found
Refreshing native plugins compatible for Editor in 0.81 ms, found 0 plugins.
Preloading 0 native plugins for Editor in 0.00 ms.
Invoked RoslynAnalysisRunner static constructor.
RoslynAnalysisRunner will not be running.
RoslynAnalysisRunner has terminated.
Mono: successfully reloaded assembly
- Completed reload, in  3.453 seconds
Platform modules already initialized, skipping
Refreshing native plugins compatible for Editor in 0.86 ms, found 0 plugins.
Preloading 0 native plugins for Editor in 0.00 ms.
Unloading 1646 Unused Serialized files (Serialized files now loaded: 0)
System memory in use before: 82.4 MB.
System memory in use after: 82.5 MB.

Unloading 8 unused Assets to reduce memory usage. Loaded Objects now: 2191.
Total: 6.381500 ms (FindLiveObjects: 0.498200 ms CreateObjectMapping: 0.238800 ms MarkObjects: 5.419600 ms  DeleteObjects: 0.221500 ms)

========================================================================
Received Prepare
Registering precompiled user dll's ...
Registered in 0.001875 seconds.
Begin MonoManager ReloadAssembly
Native extension for LinuxStandalone target not found
Native extension for WindowsStandalone target not found
Native extension for WebGL target not found
Refreshing native plugins compatible for Editor in 0.80 ms, found 0 plugins.
Preloading 0 native plugins for Editor in 0.00 ms.
Invoked RoslynAnalysisRunner static constructor.
RoslynAnalysisRunner will not be running.
RoslynAnalysisRunner has terminated.
Mono: successfully reloaded assembly
- Completed reload, in  2.935 seconds
Platform modules already initialized, skipping
Refreshing native plugins compatible for Editor in 0.84 ms, found 0 plugins.
Preloading 0 native plugins for Editor in 0.00 ms.
Unloading 1646 Unused Serialized files (Serialized files now loaded: 0)
System memory in use before: 82.4 MB.
System memory in use after: 82.5 MB.

Unloading 6 unused Assets to reduce memory usage. Loaded Objects now: 2194.
Total: 6.744900 ms (FindLiveObjects: 0.643200 ms CreateObjectMapping: 0.288600 ms MarkObjects: 5.634100 ms  DeleteObjects: 0.175600 ms)

========================================================================
Received Import Request.
  Time since last request: 70.928934 seconds.
  path: Assets/Prefab/Unit/TankHuman.prefab
  artifactKey: Guid(bf37aac318a43654bafeadc5edb5a92b) Importer(815301076,1909f56bfc062723c751e8b465ee728b)
Start importing Assets/Prefab/Unit/TankHuman.prefab using Guid(bf37aac318a43654bafeadc5edb5a92b) Importer(815301076,1909f56bfc062723c751e8b465ee728b)  -> (artifact id: '949f17b22eaf1a092e29c6802721bf25') in 0.280219 seconds
  Import took 0.291790 seconds .

========================================================================
Received Import Request.
  Time since last request: 5.949351 seconds.
  path: Assets/Prefab/Unit/TankHuman.prefab
  artifactKey: Guid(bf37aac318a43654bafeadc5edb5a92b) Importer(815301076,1909f56bfc062723c751e8b465ee728b)
Start importing Assets/Prefab/Unit/TankHuman.prefab using Guid(bf37aac318a43654bafeadc5edb5a92b) Importer(815301076,1909f56bfc062723c751e8b465ee728b)  -> (artifact id: '9006cdd0c6575cae31c2f2dd879b35a3') in 0.043233 seconds
  Import took 0.055725 seconds .

========================================================================
Received Import Request.
  Time since last request: 0.069959 seconds.
  path: Assets/Prefab/Unit/TankHuman.prefab
  artifactKey: Guid(bf37aac318a43654bafeadc5edb5a92b) Importer(815301076,1909f56bfc062723c751e8b465ee728b)
Start importing Assets/Prefab/Unit/TankHuman.prefab using Guid(bf37aac318a43654bafeadc5edb5a92b) Importer(815301076,1909f56bfc062723c751e8b465ee728b)  -> (artifact id: '9006cdd0c6575cae31c2f2dd879b35a3') in 0.054768 seconds
  Import took 0.073815 seconds .

========================================================================
Received Import Request.
  Time since last request: 1.713556 seconds.
  path: Assets/Prefab/Unit/TankHuman.prefab
  artifactKey: Guid(bf37aac318a43654bafeadc5edb5a92b) Importer(815301076,1909f56bfc062723c751e8b465ee728b)
Start importing Assets/Prefab/Unit/TankHuman.prefab using Guid(bf37aac318a43654bafeadc5edb5a92b) Importer(815301076,1909f56bfc062723c751e8b465ee728b)  -> (artifact id: '0ed0a71d13a04450f6965a4d2a3995fd') in 0.042694 seconds
  Import took 0.058235 seconds .

========================================================================
Received Import Request.
  Time since last request: 0.065630 seconds.
  path: Assets/Prefab/Unit/TankHuman.prefab
  artifactKey: Guid(bf37aac318a43654bafeadc5edb5a92b) Importer(815301076,1909f56bfc062723c751e8b465ee728b)
Start importing Assets/Prefab/Unit/TankHuman.prefab using Guid(bf37aac318a43654bafeadc5edb5a92b) Importer(815301076,1909f56bfc062723c751e8b465ee728b)  -> (artifact id: '0ed0a71d13a04450f6965a4d2a3995fd') in 0.037399 seconds
  Import took 0.048199 seconds .

========================================================================
Received Import Request.
  Time since last request: 5.450861 seconds.
  path: Assets/Prefab/Unit/TankHuman.prefab
  artifactKey: Guid(bf37aac318a43654bafeadc5edb5a92b) Importer(815301076,1909f56bfc062723c751e8b465ee728b)
Start importing Assets/Prefab/Unit/TankHuman.prefab using Guid(bf37aac318a43654bafeadc5edb5a92b) Importer(815301076,1909f56bfc062723c751e8b465ee728b)  -> (artifact id: '1137ae0ea57f961be89446163fdad497') in 0.045752 seconds
  Import took 0.057667 seconds .

========================================================================
Received Import Request.
  Time since last request: 3.277931 seconds.
  path: Assets/Prefab/Unit/TankHuman.prefab
  artifactKey: Guid(bf37aac318a43654bafeadc5edb5a92b) Importer(815301076,1909f56bfc062723c751e8b465ee728b)
Start importing Assets/Prefab/Unit/TankHuman.prefab using Guid(bf37aac318a43654bafeadc5edb5a92b) Importer(815301076,1909f56bfc062723c751e8b465ee728b)  -> (artifact id: 'efbbed71c7b27580f871e82d6334076b') in 0.040739 seconds
  Import took 0.057669 seconds .

========================================================================
Received Import Request.
  Time since last request: 0.003161 seconds.
  path: Assets/Prefab/Unit/TankHuman.prefab
  artifactKey: Guid(bf37aac318a43654bafeadc5edb5a92b) Importer(815301076,1909f56bfc062723c751e8b465ee728b)
Start importing Assets/Prefab/Unit/TankHuman.prefab using Guid(bf37aac318a43654bafeadc5edb5a92b) Importer(815301076,1909f56bfc062723c751e8b465ee728b)  -> (artifact id: 'efbbed71c7b27580f871e82d6334076b') in 0.047840 seconds
  Import took 0.060198 seconds .

========================================================================
Received Prepare
Registering precompiled user dll's ...
Registered in 0.001895 seconds.
Begin MonoManager ReloadAssembly
Native extension for LinuxStandalone target not found
Native extension for WindowsStandalone target not found
Native extension for WebGL target not found
Refreshing native plugins compatible for Editor in 0.72 ms, found 0 plugins.
Preloading 0 native plugins for Editor in 0.00 ms.
Invoked RoslynAnalysisRunner static constructor.
RoslynAnalysisRunner will not be running.
RoslynAnalysisRunner has terminated.
Mono: successfully reloaded assembly
- Completed reload, in  3.002 seconds
Platform modules already initialized, skipping
Refreshing native plugins compatible for Editor in 0.77 ms, found 0 plugins.
Preloading 0 native plugins for Editor in 0.00 ms.
Unloading 1646 Unused Serialized files (Serialized files now loaded: 0)
System memory in use before: 82.5 MB.
System memory in use after: 82.6 MB.

Unloading 8 unused Assets to reduce memory usage. Loaded Objects now: 2198.
Total: 6.603500 ms (FindLiveObjects: 0.511600 ms CreateObjectMapping: 0.234900 ms MarkObjects: 5.627300 ms  DeleteObjects: 0.225800 ms)

========================================================================
Received Import Request.
  Time since last request: 94.717202 seconds.
  path: Assets/Prefab/Unit/TankHuman.prefab
  artifactKey: Guid(bf37aac318a43654bafeadc5edb5a92b) Importer(815301076,1909f56bfc062723c751e8b465ee728b)
Start importing Assets/Prefab/Unit/TankHuman.prefab using Guid(bf37aac318a43654bafeadc5edb5a92b) Importer(815301076,1909f56bfc062723c751e8b465ee728b)  -> (artifact id: '6bf056122e17590014804c7dc7b4cb7d') in 0.253389 seconds
  Import took 0.264599 seconds .

========================================================================
Received Import Request.
  Time since last request: 0.000712 seconds.
  path: Assets/Prefab/Unit/TankAI.prefab
  artifactKey: Guid(0b036bae7b10dae4caaac8bf70cfe1d0) Importer(815301076,1909f56bfc062723c751e8b465ee728b)
Start importing Assets/Prefab/Unit/TankAI.prefab using Guid(0b036bae7b10dae4caaac8bf70cfe1d0) Importer(815301076,1909f56bfc062723c751e8b465ee728b)  -> (artifact id: '026ca2341bd0be5d248c60fc1a1b998a') in 0.062089 seconds
  Import took 0.073260 seconds .

========================================================================
Received Prepare
Registering precompiled user dll's ...
Registered in 0.001882 seconds.
Begin MonoManager ReloadAssembly
Native extension for LinuxStandalone target not found
Native extension for WindowsStandalone target not found
Native extension for WebGL target not found
Refreshing native plugins compatible for Editor in 0.73 ms, found 0 plugins.
Preloading 0 native plugins for Editor in 0.00 ms.
Invoked RoslynAnalysisRunner static constructor.
RoslynAnalysisRunner will not be running.
RoslynAnalysisRunner has terminated.
Mono: successfully reloaded assembly
- Completed reload, in  2.796 seconds
Platform modules already initialized, skipping
Refreshing native plugins compatible for Editor in 0.77 ms, found 0 plugins.
Preloading 0 native plugins for Editor in 0.00 ms.
Unloading 1646 Unused Serialized files (Serialized files now loaded: 0)
System memory in use before: 82.5 MB.
System memory in use after: 82.6 MB.

Unloading 8 unused Assets to reduce memory usage. Loaded Objects now: 2202.
Total: 6.497000 ms (FindLiveObjects: 0.435400 ms CreateObjectMapping: 0.188400 ms MarkObjects: 5.662200 ms  DeleteObjects: 0.206400 ms)

========================================================================
Received Prepare
Registering precompiled user dll's ...
Registered in 0.002005 seconds.
Begin MonoManager ReloadAssembly
Native extension for LinuxStandalone target not found
Native extension for WindowsStandalone target not found
Native extension for WebGL target not found
Refreshing native plugins compatible for Editor in 0.77 ms, found 0 plugins.
Preloading 0 native plugins for Editor in 0.00 ms.
Invoked RoslynAnalysisRunner static constructor.
RoslynAnalysisRunner will not be running.
RoslynAnalysisRunner has terminated.
Mono: successfully reloaded assembly
- Completed reload, in  3.251 seconds
Platform modules already initialized, skipping
Refreshing native plugins compatible for Editor in 0.81 ms, found 0 plugins.
Preloading 0 native plugins for Editor in 0.00 ms.
Unloading 1646 Unused Serialized files (Serialized files now loaded: 0)
System memory in use before: 82.5 MB.
System memory in use after: 82.6 MB.

Unloading 6 unused Assets to reduce memory usage. Loaded Objects now: 2205.
Total: 6.129700 ms (FindLiveObjects: 0.640400 ms CreateObjectMapping: 0.221300 ms MarkObjects: 5.079100 ms  DeleteObjects: 0.185200 ms)

========================================================================
Received Prepare
Registering precompiled user dll's ...
Registered in 0.002076 seconds.
Begin MonoManager ReloadAssembly
Native extension for LinuxStandalone target not found
Native extension for WindowsStandalone target not found
Native extension for WebGL target not found
Refreshing native plugins compatible for Editor in 0.75 ms, found 0 plugins.
Preloading 0 native plugins for Editor in 0.00 ms.
Invoked RoslynAnalysisRunner static constructor.
RoslynAnalysisRunner will not be running.
RoslynAnalysisRunner has terminated.
Mono: successfully reloaded assembly
- Completed reload, in  2.893 seconds
Platform modules already initialized, skipping
Refreshing native plugins compatible for Editor in 0.86 ms, found 0 plugins.
Preloading 0 native plugins for Editor in 0.00 ms.
Unloading 1646 Unused Serialized files (Serialized files now loaded: 0)
System memory in use before: 82.5 MB.
System memory in use after: 82.6 MB.

Unloading 6 unused Assets to reduce memory usage. Loaded Objects now: 2208.
Total: 6.089600 ms (FindLiveObjects: 0.559900 ms CreateObjectMapping: 0.187500 ms MarkObjects: 5.148600 ms  DeleteObjects: 0.188000 ms)

========================================================================
Received Prepare
Registering precompiled user dll's ...
Registered in 0.003025 seconds.
Begin MonoManager ReloadAssembly
Native extension for LinuxStandalone target not found
Native extension for WindowsStandalone target not found
Native extension for WebGL target not found
Refreshing native plugins compatible for Editor in 1.50 ms, found 0 plugins.
Preloading 0 native plugins for Editor in 0.00 ms.
Invoked RoslynAnalysisRunner static constructor.
RoslynAnalysisRunner will not be running.
RoslynAnalysisRunner has terminated.
Mono: successfully reloaded assembly
- Completed reload, in  3.341 seconds
Platform modules already initialized, skipping
Refreshing native plugins compatible for Editor in 0.84 ms, found 0 plugins.
Preloading 0 native plugins for Editor in 0.00 ms.
Unloading 1646 Unused Serialized files (Serialized files now loaded: 0)
System memory in use before: 82.5 MB.
System memory in use after: 82.6 MB.

Unloading 6 unused Assets to reduce memory usage. Loaded Objects now: 2211.
Total: 8.062300 ms (FindLiveObjects: 0.891100 ms CreateObjectMapping: 0.287300 ms MarkObjects: 6.636900 ms  DeleteObjects: 0.243000 ms)

========================================================================
Received Prepare
Registering precompiled user dll's ...
Registered in 0.002008 seconds.
Begin MonoManager ReloadAssembly
Native extension for LinuxStandalone target not found
Native extension for WindowsStandalone target not found
Native extension for WebGL target not found
Refreshing native plugins compatible for Editor in 0.86 ms, found 0 plugins.
Preloading 0 native plugins for Editor in 0.00 ms.
Invoked RoslynAnalysisRunner static constructor.
RoslynAnalysisRunner will not be running.
RoslynAnalysisRunner has terminated.
Mono: successfully reloaded assembly
- Completed reload, in  3.446 seconds
Platform modules already initialized, skipping
Refreshing native plugins compatible for Editor in 0.89 ms, found 0 plugins.
Preloading 0 native plugins for Editor in 0.00 ms.
Unloading 1646 Unused Serialized files (Serialized files now loaded: 0)
System memory in use before: 82.5 MB.
System memory in use after: 82.6 MB.

Unloading 6 unused Assets to reduce memory usage. Loaded Objects now: 2214.
Total: 7.228600 ms (FindLiveObjects: 0.578500 ms CreateObjectMapping: 0.235700 ms MarkObjects: 6.222900 ms  DeleteObjects: 0.187500 ms)

========================================================================
Received Import Request.
  Time since last request: 778.308269 seconds.
  path: Assets/Script/Unit/Brain/Base/Brain/Unit/Brain.cs
  artifactKey: Guid(37ebbe8353ebeed448a4b425ec67a399) Importer(815301076,1909f56bfc062723c751e8b465ee728b)
Start importing Assets/Script/Unit/Brain/Base/Brain/Unit/Brain.cs using Guid(37ebbe8353ebeed448a4b425ec67a399) Importer(815301076,1909f56bfc062723c751e8b465ee728b)  -> (artifact id: '7b7a479fe9104067d46b93866cbba300') in 0.014179 seconds
  Import took 0.026517 seconds .

========================================================================
Received Prepare
Registering precompiled user dll's ...
Registered in 0.002214 seconds.
Begin MonoManager ReloadAssembly
Native extension for LinuxStandalone target not found
Native extension for WindowsStandalone target not found
Native extension for WebGL target not found
Refreshing native plugins compatible for Editor in 0.84 ms, found 0 plugins.
Preloading 0 native plugins for Editor in 0.00 ms.
Invoked RoslynAnalysisRunner static constructor.
RoslynAnalysisRunner will not be running.
RoslynAnalysisRunner has terminated.
Mono: successfully reloaded assembly
- Completed reload, in  3.497 seconds
Platform modules already initialized, skipping
Refreshing native plugins compatible for Editor in 0.82 ms, found 0 plugins.
Preloading 0 native plugins for Editor in 0.00 ms.
Unloading 1646 Unused Serialized files (Serialized files now loaded: 0)
System memory in use before: 82.5 MB.
System memory in use after: 82.6 MB.

Unloading 6 unused Assets to reduce memory usage. Loaded Objects now: 2217.
Total: 6.038000 ms (FindLiveObjects: 0.586100 ms CreateObjectMapping: 0.221400 ms MarkObjects: 5.039300 ms  DeleteObjects: 0.187900 ms)

========================================================================
Received Import Request.
  Time since last request: 29.213791 seconds.
  path: Assets/Script/Unit/Brain/Base/UnitBrain.cs
  artifactKey: Guid(88276529927aac74e8fd042d9639c4f7) Importer(815301076,1909f56bfc062723c751e8b465ee728b)
Start importing Assets/Script/Unit/Brain/Base/UnitBrain.cs using Guid(88276529927aac74e8fd042d9639c4f7) Importer(815301076,1909f56bfc062723c751e8b465ee728b)  -> (artifact id: 'c588628bf2a28c3b210dca678aad1dca') in 0.029119 seconds
  Import took 0.042671 seconds .

========================================================================
Received Import Request.
  Time since last request: 0.004858 seconds.
  path: Assets/Script/Unit/Brain/Base/UnitBrain.cs
  artifactKey: Guid(88276529927aac74e8fd042d9639c4f7) Importer(815301076,1909f56bfc062723c751e8b465ee728b)
Start importing Assets/Script/Unit/Brain/Base/UnitBrain.cs using Guid(88276529927aac74e8fd042d9639c4f7) Importer(815301076,1909f56bfc062723c751e8b465ee728b)  -> (artifact id: 'c588628bf2a28c3b210dca678aad1dca') in 0.006836 seconds
  Import took 0.016933 seconds .

========================================================================
Received Prepare
Registering precompiled user dll's ...
Registered in 0.002018 seconds.
Begin MonoManager ReloadAssembly
Native extension for LinuxStandalone target not found
Native extension for WindowsStandalone target not found
Native extension for WebGL target not found
Refreshing native plugins compatible for Editor in 0.72 ms, found 0 plugins.
Preloading 0 native plugins for Editor in 0.00 ms.
Invoked RoslynAnalysisRunner static constructor.
RoslynAnalysisRunner will not be running.
RoslynAnalysisRunner has terminated.
Mono: successfully reloaded assembly
- Completed reload, in  2.796 seconds
Platform modules already initialized, skipping
Refreshing native plugins compatible for Editor in 1.19 ms, found 0 plugins.
Preloading 0 native plugins for Editor in 0.00 ms.
Unloading 1646 Unused Serialized files (Serialized files now loaded: 0)
System memory in use before: 82.6 MB.
System memory in use after: 82.6 MB.

Unloading 6 unused Assets to reduce memory usage. Loaded Objects now: 2220.
Total: 7.909400 ms (FindLiveObjects: 1.085500 ms CreateObjectMapping: 0.374500 ms MarkObjects: 6.119100 ms  DeleteObjects: 0.324800 ms)

AssetImportWorkerClient::OnTransportError - code=2 error=End of file
