Using pre-set license
Built from '2020.3/staging' branch; Version is '2020.3.0f1 (c7b5465681fb) revision 13088070'; Using compiler version '192528614'; Build Type 'Release'
OS: 'Windows 10 Home Single Language; OS build 19042.928; Version 2009; 64bit' Language: 'en' Physical Memory: 8034 MB
BatchMode: 1, IsHumanControllingUs: 0, StartBugReporterOnCrash: 0, Is64bit: 1, IsPro: 0

 COMMAND LINE ARGUMENTS:
D:\app\New folder\2020.3.0f1\Editor\Unity.exe
-adb2
-batchMode
-noUpm
-name
AssetImportWorker0
-projectPath
E:/clone/LEARN_UNITY/LEARN
-logFile
Logs/AssetImportWorker0.log
-srvPort
50219
Successfully changed project path to: E:/clone/LEARN_UNITY/LEARN
E:/clone/LEARN_UNITY/LEARN
Using Asset Import Pipeline V2.
Refreshing native plugins compatible for Editor in 28.17 ms, found 0 plugins.
Preloading 0 native plugins for Editor in 0.00 ms.
Initialize engine version: 2020.3.0f1 (c7b5465681fb)
[Subsystems] Discovering subsystems at path D:/app/New folder/2020.3.0f1/Editor/Data/Resources/UnitySubsystems
[Subsystems] Discovering subsystems at path E:/clone/LEARN_UNITY/LEARN/Assets
GfxDevice: creating device client; threaded=0
Direct3D:
    Version:  Direct3D 11.0 [level 11.1]
    Renderer: NVIDIA GeForce GTX 1050 (ID=0x1c92)
    Vendor:   
    VRAM:     4021 MB
    Driver:   26.21.14.4128
Initialize mono
Mono path[0] = 'D:/app/New folder/2020.3.0f1/Editor/Data/Managed'
Mono path[1] = 'D:/app/New folder/2020.3.0f1/Editor/Data/MonoBleedingEdge/lib/mono/unityjit'
Mono config path = 'D:/app/New folder/2020.3.0f1/Editor/Data/MonoBleedingEdge/etc'
Using monoOptions --debugger-agent=transport=dt_socket,embedding=1,server=y,suspend=n,address=127.0.0.1:56288
Begin MonoManager ReloadAssembly
Registering precompiled unity dll's ...
Register platform support module: D:/app/New folder/2020.3.0f1/Editor/Data/PlaybackEngines/WebGLSupport/UnityEditor.WebGL.Extensions.dll
Register platform support module: D:/app/New folder/2020.3.0f1/Editor/Data/PlaybackEngines/WindowsStandaloneSupport/UnityEditor.WindowsStandalone.Extensions.dll
Register platform support module: D:/app/New folder/2020.3.0f1/Editor/Data/PlaybackEngines/LinuxStandaloneSupport/UnityEditor.LinuxStandalone.Extensions.dll
Registered in 0.001370 seconds.
Native extension for LinuxStandalone target not found
Native extension for WindowsStandalone target not found
Native extension for WebGL target not found
Refreshing native plugins compatible for Editor in 21.73 ms, found 0 plugins.
Preloading 0 native plugins for Editor in 0.00 ms.
Invoked RoslynAnalysisRunner static constructor.
RoslynAnalysisRunner will not be running.
RoslynAnalysisRunner has terminated.
Mono: successfully reloaded assembly
- Completed reload, in  1.371 seconds
Platform modules already initialized, skipping
Registering precompiled user dll's ...
Registered in 0.000478 seconds.
Begin MonoManager ReloadAssembly
Native extension for LinuxStandalone target not found
Native extension for WindowsStandalone target not found
Native extension for WebGL target not found
Refreshing native plugins compatible for Editor in 0.22 ms, found 0 plugins.
Preloading 0 native plugins for Editor in 0.00 ms.
Invoked RoslynAnalysisRunner static constructor.
RoslynAnalysisRunner will not be running.
RoslynAnalysisRunner has terminated.
Mono: successfully reloaded assembly
- Completed reload, in  1.133 seconds
Platform modules already initialized, skipping
========================================================================
Worker process is ready to serve import requests
Launched and connected shader compiler UnityShaderCompiler.exe after 0.05 seconds
Refreshing native plugins compatible for Editor in 0.21 ms, found 0 plugins.
Preloading 0 native plugins for Editor in 0.00 ms.
Unloading 1154 Unused Serialized files (Serialized files now loaded: 0)
System memory in use before: 58.4 MB.
System memory in use after: 58.4 MB.

Unloading 10 unused Assets to reduce memory usage. Loaded Objects now: 1597.
Total: 2.093600 ms (FindLiveObjects: 0.152400 ms CreateObjectMapping: 0.047600 ms MarkObjects: 1.773400 ms  DeleteObjects: 0.119000 ms)

========================================================================
Received Import Request.
  path: Assets/LeanTween
  artifactKey: Guid(5e6a0fa47acf54892bbdae89028eaec3) Importer(815301076,1909f56bfc062723c751e8b465ee728b)
Start importing Assets/LeanTween using Guid(5e6a0fa47acf54892bbdae89028eaec3) Importer(815301076,1909f56bfc062723c751e8b465ee728b)  -> (artifact id: '85e74a9da1b20ee41f8d32a5bd87fc02') in 0.007223 seconds
  Import took 0.009033 seconds .

========================================================================
Received Import Request.
  Time since last request: 0.000705 seconds.
  path: Assets/Material
  artifactKey: Guid(a359bb3dbedb04b4ea2ee521413ad9b5) Importer(815301076,1909f56bfc062723c751e8b465ee728b)
Start importing Assets/Material using Guid(a359bb3dbedb04b4ea2ee521413ad9b5) Importer(815301076,1909f56bfc062723c751e8b465ee728b)  -> (artifact id: 'fe5509a65fa56acf247941619ce035db') in 0.006914 seconds
  Import took 0.008759 seconds .

========================================================================
Received Import Request.
  Time since last request: 30.315946 seconds.
  path: Assets/List
  artifactKey: Guid(c4b99b67c86da80488668be0fd6f5492) Importer(815301076,1909f56bfc062723c751e8b465ee728b)
Start importing Assets/List using Guid(c4b99b67c86da80488668be0fd6f5492) Importer(815301076,1909f56bfc062723c751e8b465ee728b)  -> (artifact id: 'eac677b01186c5b86eea1ab87bbcbf56') in 0.012328 seconds
  Import took 0.014641 seconds .

========================================================================
Received Import Request.
  Time since last request: 20.178919 seconds.
  path: Assets/List/LIST.unity
  artifactKey: Guid(007880a6489029944bd8c799635ac299) Importer(815301076,1909f56bfc062723c751e8b465ee728b)
Start importing Assets/List/LIST.unity using Guid(007880a6489029944bd8c799635ac299) Importer(815301076,1909f56bfc062723c751e8b465ee728b)  -> (artifact id: '7ebde0e179bf145e252916fbe694c4ee') in 0.022858 seconds
  Import took 0.025612 seconds .

========================================================================
Received Import Request.
  Time since last request: 18.236006 seconds.
  path: Assets/List/Script
  artifactKey: Guid(fd463d542581d5240adbecd9b8864473) Importer(815301076,1909f56bfc062723c751e8b465ee728b)
Start importing Assets/List/Script using Guid(fd463d542581d5240adbecd9b8864473) Importer(815301076,1909f56bfc062723c751e8b465ee728b)  -> (artifact id: '00a793aa1271b099a8aa0e5234bc13f3') in 0.006954 seconds
  Import took 0.009414 seconds .

========================================================================
Received Import Request.
  Time since last request: 0.001475 seconds.
  path: Assets/List/Script
  artifactKey: Guid(fd463d542581d5240adbecd9b8864473) Importer(815301076,1909f56bfc062723c751e8b465ee728b)
Start importing Assets/List/Script using Guid(fd463d542581d5240adbecd9b8864473) Importer(815301076,1909f56bfc062723c751e8b465ee728b)  -> (artifact id: '00a793aa1271b099a8aa0e5234bc13f3') in 0.004723 seconds
  Import took 0.008635 seconds .

========================================================================
Received Import Request.
  Time since last request: 10.519620 seconds.
  path: Assets/List/Script/TestingList.cs
  artifactKey: Guid(4e52bfcfce7673c44b9d1deb5b794cb0) Importer(815301076,1909f56bfc062723c751e8b465ee728b)
Start importing Assets/List/Script/TestingList.cs using Guid(4e52bfcfce7673c44b9d1deb5b794cb0) Importer(815301076,1909f56bfc062723c751e8b465ee728b)  -> (artifact id: '9c2ea54048074c1c94acaa54c828bccb') in 0.038795 seconds
  Import took 0.041060 seconds .

========================================================================
Received Prepare
Registering precompiled user dll's ...
Registered in 0.000429 seconds.
Begin MonoManager ReloadAssembly
Native extension for LinuxStandalone target not found
Native extension for WindowsStandalone target not found
Native extension for WebGL target not found
Refreshing native plugins compatible for Editor in 0.20 ms, found 0 plugins.
Preloading 0 native plugins for Editor in 0.00 ms.
Invoked RoslynAnalysisRunner static constructor.
RoslynAnalysisRunner will not be running.
RoslynAnalysisRunner has terminated.
Mono: successfully reloaded assembly
- Completed reload, in  0.670 seconds
Platform modules already initialized, skipping
Refreshing native plugins compatible for Editor in 0.44 ms, found 0 plugins.
Preloading 0 native plugins for Editor in 0.00 ms.
Unloading 1149 Unused Serialized files (Serialized files now loaded: 0)
System memory in use before: 58.3 MB.
System memory in use after: 58.4 MB.

Unloading 5 unused Assets to reduce memory usage. Loaded Objects now: 1601.
Total: 2.180900 ms (FindLiveObjects: 0.124700 ms CreateObjectMapping: 0.039500 ms MarkObjects: 1.950500 ms  DeleteObjects: 0.065100 ms)

========================================================================
Received Prepare
Registering precompiled user dll's ...
Registered in 0.001094 seconds.
Begin MonoManager ReloadAssembly
Native extension for LinuxStandalone target not found
Native extension for WindowsStandalone target not found
Native extension for WebGL target not found
Refreshing native plugins compatible for Editor in 0.62 ms, found 0 plugins.
Preloading 0 native plugins for Editor in 0.00 ms.
Invoked RoslynAnalysisRunner static constructor.
RoslynAnalysisRunner will not be running.
RoslynAnalysisRunner has terminated.
Mono: successfully reloaded assembly
- Completed reload, in  2.363 seconds
Platform modules already initialized, skipping
Refreshing native plugins compatible for Editor in 0.64 ms, found 0 plugins.
Preloading 0 native plugins for Editor in 0.00 ms.
Unloading 1149 Unused Serialized files (Serialized files now loaded: 0)
System memory in use before: 58.3 MB.
System memory in use after: 58.4 MB.

Unloading 5 unused Assets to reduce memory usage. Loaded Objects now: 1604.
Total: 4.736900 ms (FindLiveObjects: 0.403200 ms CreateObjectMapping: 0.080900 ms MarkObjects: 4.056200 ms  DeleteObjects: 0.193200 ms)

========================================================================
Received Prepare
Registering precompiled user dll's ...
Registered in 0.000589 seconds.
Begin MonoManager ReloadAssembly
Native extension for LinuxStandalone target not found
Native extension for WindowsStandalone target not found
Native extension for WebGL target not found
Refreshing native plugins compatible for Editor in 0.22 ms, found 0 plugins.
Preloading 0 native plugins for Editor in 0.00 ms.
Invoked RoslynAnalysisRunner static constructor.
RoslynAnalysisRunner will not be running.
RoslynAnalysisRunner has terminated.
Mono: successfully reloaded assembly
- Completed reload, in  0.866 seconds
Platform modules already initialized, skipping
Refreshing native plugins compatible for Editor in 0.24 ms, found 0 plugins.
Preloading 0 native plugins for Editor in 0.00 ms.
Unloading 1149 Unused Serialized files (Serialized files now loaded: 0)
System memory in use before: 58.3 MB.
System memory in use after: 58.4 MB.

Unloading 5 unused Assets to reduce memory usage. Loaded Objects now: 1607.
Total: 1.633400 ms (FindLiveObjects: 0.127600 ms CreateObjectMapping: 0.029500 ms MarkObjects: 1.429600 ms  DeleteObjects: 0.045700 ms)

========================================================================
Received Import Request.
  Time since last request: 3661.415354 seconds.
  path: Assets/List/Scene
  artifactKey: Guid(655cae2c5dec577448b3806417670401) Importer(815301076,1909f56bfc062723c751e8b465ee728b)
Start importing Assets/List/Scene using Guid(655cae2c5dec577448b3806417670401) Importer(815301076,1909f56bfc062723c751e8b465ee728b)  -> (artifact id: '3faa8ea04c4b1a7b038de97d71abe886') in 0.013478 seconds
  Import took 0.019928 seconds .

