Using pre-set license
Built from '2020.3/staging' branch; Version is '2020.3.0f1 (c7b5465681fb) revision 13088070'; Using compiler version '192528614'; Build Type 'Release'
OS: 'Windows 10 Home Single Language; OS build 19042.1165; Version 2009; 64bit' Language: 'en' Physical Memory: 8034 MB
BatchMode: 1, IsHumanControllingUs: 0, StartBugReporterOnCrash: 0, Is64bit: 1, IsPro: 0

 COMMAND LINE ARGUMENTS:
D:\app\New folder\2020.3.0f1\Editor\Unity.exe
-adb2
-batchMode
-noUpm
-name
AssetImportWorker1
-projectPath
E:/clone/LEARN_UNITY/LEARN
-logFile
Logs/AssetImportWorker1.log
-srvPort
49696
Successfully changed project path to: E:/clone/LEARN_UNITY/LEARN
E:/clone/LEARN_UNITY/LEARN
Using Asset Import Pipeline V2.
Refreshing native plugins compatible for Editor in 59.92 ms, found 0 plugins.
Preloading 0 native plugins for Editor in 0.00 ms.
Initialize engine version: 2020.3.0f1 (c7b5465681fb)
[Subsystems] Discovering subsystems at path D:/app/New folder/2020.3.0f1/Editor/Data/Resources/UnitySubsystems
[Subsystems] Discovering subsystems at path E:/clone/LEARN_UNITY/LEARN/Assets
GfxDevice: creating device client; threaded=0
Direct3D:
    Version:  Direct3D 11.0 [level 11.1]
    Renderer: NVIDIA GeForce GTX 1050 (ID=0x1c92)
    Vendor:   
    VRAM:     4021 MB
    Driver:   30.0.14.7111
Initialize mono
Mono path[0] = 'D:/app/New folder/2020.3.0f1/Editor/Data/Managed'
Mono path[1] = 'D:/app/New folder/2020.3.0f1/Editor/Data/MonoBleedingEdge/lib/mono/unityjit'
Mono config path = 'D:/app/New folder/2020.3.0f1/Editor/Data/MonoBleedingEdge/etc'
Using monoOptions --debugger-agent=transport=dt_socket,embedding=1,server=y,suspend=n,address=127.0.0.1:56620
Begin MonoManager ReloadAssembly
Registering precompiled unity dll's ...
Register platform support module: D:/app/New folder/2020.3.0f1/Editor/Data/PlaybackEngines/WebGLSupport/UnityEditor.WebGL.Extensions.dll
Register platform support module: D:/app/New folder/2020.3.0f1/Editor/Data/PlaybackEngines/WindowsStandaloneSupport/UnityEditor.WindowsStandalone.Extensions.dll
Register platform support module: D:/app/New folder/2020.3.0f1/Editor/Data/PlaybackEngines/LinuxStandaloneSupport/UnityEditor.LinuxStandalone.Extensions.dll
Registered in 0.002341 seconds.
Native extension for LinuxStandalone target not found
Native extension for WindowsStandalone target not found
Native extension for WebGL target not found
Refreshing native plugins compatible for Editor in 59.99 ms, found 0 plugins.
Preloading 0 native plugins for Editor in 0.00 ms.
Invoked RoslynAnalysisRunner static constructor.
RoslynAnalysisRunner will not be running.
RoslynAnalysisRunner has terminated.
Mono: successfully reloaded assembly
- Completed reload, in  6.238 seconds
Platform modules already initialized, skipping
Registering precompiled user dll's ...
Registered in 0.002440 seconds.
Begin MonoManager ReloadAssembly
Native extension for LinuxStandalone target not found
Native extension for WindowsStandalone target not found
Native extension for WebGL target not found
Refreshing native plugins compatible for Editor in 0.40 ms, found 0 plugins.
Preloading 0 native plugins for Editor in 0.00 ms.
Invoked RoslynAnalysisRunner static constructor.
RoslynAnalysisRunner will not be running.
RoslynAnalysisRunner has terminated.
Mono: successfully reloaded assembly
- Completed reload, in  6.274 seconds
Platform modules already initialized, skipping
========================================================================
Worker process is ready to serve import requests
Launched and connected shader compiler UnityShaderCompiler.exe after 0.71 seconds
Refreshing native plugins compatible for Editor in 1.35 ms, found 0 plugins.
Preloading 0 native plugins for Editor in 0.00 ms.
Unloading 2047 Unused Serialized files (Serialized files now loaded: 0)
System memory in use before: 98.8 MB.
System memory in use after: 98.8 MB.

Unloading 13 unused Assets to reduce memory usage. Loaded Objects now: 2494.
Total: 4.602100 ms (FindLiveObjects: 0.266500 ms CreateObjectMapping: 0.104200 ms MarkObjects: 3.978900 ms  DeleteObjects: 0.249600 ms)

========================================================================
Received Import Request.
  path: Assets/Chinemachine/FBX/ybot@Breathing Idle.fbx
  artifactKey: Guid(17aad86fd4af0b040af7c2f073cd0f9a) Importer(815301076,1909f56bfc062723c751e8b465ee728b)
Start importing Assets/Chinemachine/FBX/ybot@Breathing Idle.fbx using Guid(17aad86fd4af0b040af7c2f073cd0f9a) Importer(815301076,1909f56bfc062723c751e8b465ee728b)  -> (artifact id: '28271660cc59beadbb1ec041e736fc9a') in 0.162078 seconds
  Import took 0.208462 seconds .

========================================================================
Received Prepare
Refreshing native plugins compatible for Editor in 1.04 ms, found 0 plugins.
Preloading 0 native plugins for Editor in 0.00 ms.
Unloading 5 Unused Serialized files (Serialized files now loaded: 0)
System memory in use before: 56.7 MB.
System memory in use after: 56.8 MB.

Unloading 5 unused Assets to reduce memory usage. Loaded Objects now: 2494.
Total: 4.066800 ms (FindLiveObjects: 0.267900 ms CreateObjectMapping: 0.220300 ms MarkObjects: 3.466300 ms  DeleteObjects: 0.111200 ms)

========================================================================
Received Import Request.
  Time since last request: 26.979174 seconds.
  path: Assets/Chinemachine/FBX/ybot@Breathing Idle.fbx
  artifactKey: Guid(17aad86fd4af0b040af7c2f073cd0f9a) Importer(815301076,1909f56bfc062723c751e8b465ee728b)
Start importing Assets/Chinemachine/FBX/ybot@Breathing Idle.fbx using Guid(17aad86fd4af0b040af7c2f073cd0f9a) Importer(815301076,1909f56bfc062723c751e8b465ee728b)  -> (artifact id: '86a45f796398fe32bb4ac0c137711888') in 0.011968 seconds
  Import took 0.018396 seconds .

========================================================================
Received Prepare
Registering precompiled user dll's ...
Registered in 0.000948 seconds.
Begin MonoManager ReloadAssembly
Native extension for LinuxStandalone target not found
Native extension for WindowsStandalone target not found
Native extension for WebGL target not found
Refreshing native plugins compatible for Editor in 0.36 ms, found 0 plugins.
Preloading 0 native plugins for Editor in 0.00 ms.
Invoked RoslynAnalysisRunner static constructor.
RoslynAnalysisRunner will not be running.
RoslynAnalysisRunner has terminated.
Mono: successfully reloaded assembly
- Completed reload, in  1.091 seconds
Platform modules already initialized, skipping
Refreshing native plugins compatible for Editor in 0.35 ms, found 0 plugins.
Preloading 0 native plugins for Editor in 0.00 ms.
Unloading 2017 Unused Serialized files (Serialized files now loaded: 0)
System memory in use before: 96.9 MB.
System memory in use after: 96.9 MB.

Unloading 8 unused Assets to reduce memory usage. Loaded Objects now: 2498.
Total: 2.949900 ms (FindLiveObjects: 0.208900 ms CreateObjectMapping: 0.073900 ms MarkObjects: 2.558700 ms  DeleteObjects: 0.107400 ms)

========================================================================
Received Prepare
Registering precompiled user dll's ...
Registered in 0.001168 seconds.
Begin MonoManager ReloadAssembly
Native extension for LinuxStandalone target not found
Native extension for WindowsStandalone target not found
Native extension for WebGL target not found
Refreshing native plugins compatible for Editor in 0.37 ms, found 0 plugins.
Preloading 0 native plugins for Editor in 0.00 ms.
Invoked RoslynAnalysisRunner static constructor.
RoslynAnalysisRunner will not be running.
RoslynAnalysisRunner has terminated.
Mono: successfully reloaded assembly
- Completed reload, in  1.014 seconds
Platform modules already initialized, skipping
Refreshing native plugins compatible for Editor in 0.38 ms, found 0 plugins.
Preloading 0 native plugins for Editor in 0.00 ms.
Unloading 2016 Unused Serialized files (Serialized files now loaded: 0)
System memory in use before: 96.9 MB.
System memory in use after: 96.9 MB.

Unloading 8 unused Assets to reduce memory usage. Loaded Objects now: 2501.
Total: 3.831200 ms (FindLiveObjects: 0.224900 ms CreateObjectMapping: 0.069800 ms MarkObjects: 3.414300 ms  DeleteObjects: 0.120900 ms)

========================================================================
Received Import Request.
  Time since last request: 123.729935 seconds.
  path: Assets/Chinemachine/FBX/ybot@Jump.fbx
  artifactKey: Guid(e76a5d855535cb24599f764c0f12b14e) Importer(815301076,1909f56bfc062723c751e8b465ee728b)
Start importing Assets/Chinemachine/FBX/ybot@Jump.fbx using Guid(e76a5d855535cb24599f764c0f12b14e) Importer(815301076,1909f56bfc062723c751e8b465ee728b)  -> (artifact id: '82d722762d7099c2060dce308b5cac2a') in 0.046074 seconds
  Import took 0.050307 seconds .

========================================================================
Received Import Request.
  Time since last request: 3.901030 seconds.
  path: Assets/Chinemachine/FBX/ybot@Running.fbx
  artifactKey: Guid(bf06c9acfc4d8514e8c8333015942696) Importer(815301076,1909f56bfc062723c751e8b465ee728b)
Start importing Assets/Chinemachine/FBX/ybot@Running.fbx using Guid(bf06c9acfc4d8514e8c8333015942696) Importer(815301076,1909f56bfc062723c751e8b465ee728b)  -> (artifact id: '6528dc59b917ef44a590a4797e4e789f') in 0.005507 seconds
  Import took 0.010096 seconds .

========================================================================
Received Import Request.
  Time since last request: 35.815883 seconds.
  path: Assets/Chinemachine/FBX/ybot@Walking.fbx
  artifactKey: Guid(6b337c5f0a9dd184a9487abbf3512228) Importer(815301076,1909f56bfc062723c751e8b465ee728b)
Start importing Assets/Chinemachine/FBX/ybot@Walking.fbx using Guid(6b337c5f0a9dd184a9487abbf3512228) Importer(815301076,1909f56bfc062723c751e8b465ee728b)  -> (artifact id: '12dca2e4885c913fb64308e9ae2cb777') in 0.005379 seconds
  Import took 0.009739 seconds .

========================================================================
Received Import Request.
  Time since last request: 12.007827 seconds.
  path: Assets/Chinemachine/FBX/ybot@Breathing Idle.fbx
  artifactKey: Guid(17aad86fd4af0b040af7c2f073cd0f9a) Importer(815301076,1909f56bfc062723c751e8b465ee728b)
Start importing Assets/Chinemachine/FBX/ybot@Breathing Idle.fbx using Guid(17aad86fd4af0b040af7c2f073cd0f9a) Importer(815301076,1909f56bfc062723c751e8b465ee728b)  -> (artifact id: '02313f6fdf65c75a5c247988b54ea132') in 0.006943 seconds
  Import took 0.012525 seconds .

========================================================================
Received Import Request.
  Time since last request: 8.271898 seconds.
  path: Assets/Chinemachine/FBX/ybot@Jump.fbx
  artifactKey: Guid(e76a5d855535cb24599f764c0f12b14e) Importer(815301076,1909f56bfc062723c751e8b465ee728b)
Start importing Assets/Chinemachine/FBX/ybot@Jump.fbx using Guid(e76a5d855535cb24599f764c0f12b14e) Importer(815301076,1909f56bfc062723c751e8b465ee728b)  -> (artifact id: '281018ed9344a55cac4b6e25cc18b993') in 0.006135 seconds
  Import took 0.010864 seconds .

========================================================================
Received Import Request.
  Time since last request: 3.911556 seconds.
  path: Assets/Chinemachine/FBX/ybot@Running.fbx
  artifactKey: Guid(bf06c9acfc4d8514e8c8333015942696) Importer(815301076,1909f56bfc062723c751e8b465ee728b)
Start importing Assets/Chinemachine/FBX/ybot@Running.fbx using Guid(bf06c9acfc4d8514e8c8333015942696) Importer(815301076,1909f56bfc062723c751e8b465ee728b)  -> (artifact id: '2a760b463bf373f84cc93477b5d51fc6') in 0.005145 seconds
  Import took 0.009735 seconds .

========================================================================
Received Prepare
Registering precompiled user dll's ...
Registered in 0.001158 seconds.
Begin MonoManager ReloadAssembly
Native extension for LinuxStandalone target not found
Native extension for WindowsStandalone target not found
Native extension for WebGL target not found
Refreshing native plugins compatible for Editor in 0.43 ms, found 0 plugins.
Preloading 0 native plugins for Editor in 0.00 ms.
Invoked RoslynAnalysisRunner static constructor.
RoslynAnalysisRunner will not be running.
RoslynAnalysisRunner has terminated.
Mono: successfully reloaded assembly
- Completed reload, in  1.183 seconds
Platform modules already initialized, skipping
Refreshing native plugins compatible for Editor in 0.37 ms, found 0 plugins.
Preloading 0 native plugins for Editor in 0.00 ms.
Unloading 2016 Unused Serialized files (Serialized files now loaded: 0)
System memory in use before: 96.9 MB.
System memory in use after: 97.0 MB.

Unloading 8 unused Assets to reduce memory usage. Loaded Objects now: 2504.
Total: 3.672300 ms (FindLiveObjects: 0.245700 ms CreateObjectMapping: 0.087000 ms MarkObjects: 3.199600 ms  DeleteObjects: 0.138800 ms)

========================================================================
Received Prepare
Registering precompiled user dll's ...
Registered in 0.001162 seconds.
Begin MonoManager ReloadAssembly
Native extension for LinuxStandalone target not found
Native extension for WindowsStandalone target not found
Native extension for WebGL target not found
Refreshing native plugins compatible for Editor in 0.36 ms, found 0 plugins.
Preloading 0 native plugins for Editor in 0.00 ms.
Invoked RoslynAnalysisRunner static constructor.
RoslynAnalysisRunner will not be running.
RoslynAnalysisRunner has terminated.
Mono: successfully reloaded assembly
- Completed reload, in  1.095 seconds
Platform modules already initialized, skipping
Refreshing native plugins compatible for Editor in 0.38 ms, found 0 plugins.
Preloading 0 native plugins for Editor in 0.00 ms.
Unloading 2016 Unused Serialized files (Serialized files now loaded: 0)
System memory in use before: 96.9 MB.
System memory in use after: 97.0 MB.

Unloading 8 unused Assets to reduce memory usage. Loaded Objects now: 2507.
Total: 3.201600 ms (FindLiveObjects: 0.281900 ms CreateObjectMapping: 0.077400 ms MarkObjects: 2.728400 ms  DeleteObjects: 0.110600 ms)

========================================================================
Received Prepare
Registering precompiled user dll's ...
Registered in 0.000938 seconds.
Begin MonoManager ReloadAssembly
Native extension for LinuxStandalone target not found
Native extension for WindowsStandalone target not found
Native extension for WebGL target not found
Refreshing native plugins compatible for Editor in 0.37 ms, found 0 plugins.
Preloading 0 native plugins for Editor in 0.00 ms.
Invoked RoslynAnalysisRunner static constructor.
RoslynAnalysisRunner will not be running.
RoslynAnalysisRunner has terminated.
Mono: successfully reloaded assembly
- Completed reload, in  1.010 seconds
Platform modules already initialized, skipping
Refreshing native plugins compatible for Editor in 0.38 ms, found 0 plugins.
Preloading 0 native plugins for Editor in 0.00 ms.
Unloading 2016 Unused Serialized files (Serialized files now loaded: 0)
System memory in use before: 96.9 MB.
System memory in use after: 97.0 MB.

Unloading 8 unused Assets to reduce memory usage. Loaded Objects now: 2510.
Total: 4.302500 ms (FindLiveObjects: 0.380100 ms CreateObjectMapping: 0.196300 ms MarkObjects: 3.605300 ms  DeleteObjects: 0.119300 ms)

========================================================================
Received Prepare
Registering precompiled user dll's ...
Registered in 0.000901 seconds.
Begin MonoManager ReloadAssembly
Native extension for LinuxStandalone target not found
Native extension for WindowsStandalone target not found
Native extension for WebGL target not found
Refreshing native plugins compatible for Editor in 0.37 ms, found 0 plugins.
Preloading 0 native plugins for Editor in 0.00 ms.
Invoked RoslynAnalysisRunner static constructor.
RoslynAnalysisRunner will not be running.
RoslynAnalysisRunner has terminated.
Mono: successfully reloaded assembly
- Completed reload, in  1.010 seconds
Platform modules already initialized, skipping
Refreshing native plugins compatible for Editor in 0.41 ms, found 0 plugins.
Preloading 0 native plugins for Editor in 0.00 ms.
Unloading 2016 Unused Serialized files (Serialized files now loaded: 0)
System memory in use before: 96.9 MB.
System memory in use after: 97.0 MB.

Unloading 8 unused Assets to reduce memory usage. Loaded Objects now: 2513.
Total: 2.945500 ms (FindLiveObjects: 0.208200 ms CreateObjectMapping: 0.069100 ms MarkObjects: 2.565800 ms  DeleteObjects: 0.101500 ms)

========================================================================
Received Prepare
Registering precompiled user dll's ...
Registered in 0.001006 seconds.
Begin MonoManager ReloadAssembly
Native extension for LinuxStandalone target not found
Native extension for WindowsStandalone target not found
Native extension for WebGL target not found
Refreshing native plugins compatible for Editor in 0.36 ms, found 0 plugins.
Preloading 0 native plugins for Editor in 0.00 ms.
Invoked RoslynAnalysisRunner static constructor.
RoslynAnalysisRunner will not be running.
RoslynAnalysisRunner has terminated.
Mono: successfully reloaded assembly
- Completed reload, in  1.064 seconds
Platform modules already initialized, skipping
Refreshing native plugins compatible for Editor in 0.46 ms, found 0 plugins.
Preloading 0 native plugins for Editor in 0.00 ms.
Unloading 2016 Unused Serialized files (Serialized files now loaded: 0)
System memory in use before: 96.9 MB.
System memory in use after: 97.0 MB.

Unloading 8 unused Assets to reduce memory usage. Loaded Objects now: 2516.
Total: 3.485300 ms (FindLiveObjects: 0.310300 ms CreateObjectMapping: 0.095300 ms MarkObjects: 2.949800 ms  DeleteObjects: 0.126700 ms)

========================================================================
Received Prepare
Registering precompiled user dll's ...
Registered in 0.001235 seconds.
Begin MonoManager ReloadAssembly
Native extension for LinuxStandalone target not found
Native extension for WindowsStandalone target not found
Native extension for WebGL target not found
Refreshing native plugins compatible for Editor in 0.40 ms, found 0 plugins.
Preloading 0 native plugins for Editor in 0.00 ms.
Invoked RoslynAnalysisRunner static constructor.
RoslynAnalysisRunner will not be running.
RoslynAnalysisRunner has terminated.
Mono: successfully reloaded assembly
- Completed reload, in  1.142 seconds
Platform modules already initialized, skipping
Refreshing native plugins compatible for Editor in 0.40 ms, found 0 plugins.
Preloading 0 native plugins for Editor in 0.00 ms.
Unloading 2016 Unused Serialized files (Serialized files now loaded: 0)
System memory in use before: 97.0 MB.
System memory in use after: 97.0 MB.

Unloading 8 unused Assets to reduce memory usage. Loaded Objects now: 2519.
Total: 5.845900 ms (FindLiveObjects: 0.491500 ms CreateObjectMapping: 0.227400 ms MarkObjects: 5.006900 ms  DeleteObjects: 0.118600 ms)

========================================================================
Received Prepare
Registering precompiled user dll's ...
Registered in 0.000950 seconds.
Begin MonoManager ReloadAssembly
Native extension for LinuxStandalone target not found
Native extension for WindowsStandalone target not found
Native extension for WebGL target not found
Refreshing native plugins compatible for Editor in 0.36 ms, found 0 plugins.
Preloading 0 native plugins for Editor in 0.00 ms.
Invoked RoslynAnalysisRunner static constructor.
RoslynAnalysisRunner will not be running.
RoslynAnalysisRunner has terminated.
Mono: successfully reloaded assembly
- Completed reload, in  1.011 seconds
Platform modules already initialized, skipping
Refreshing native plugins compatible for Editor in 0.37 ms, found 0 plugins.
Preloading 0 native plugins for Editor in 0.00 ms.
Unloading 2016 Unused Serialized files (Serialized files now loaded: 0)
System memory in use before: 97.0 MB.
System memory in use after: 97.0 MB.

Unloading 8 unused Assets to reduce memory usage. Loaded Objects now: 2522.
Total: 2.973700 ms (FindLiveObjects: 0.185500 ms CreateObjectMapping: 0.071400 ms MarkObjects: 2.612300 ms  DeleteObjects: 0.103500 ms)

========================================================================
Received Prepare
Registering precompiled user dll's ...
Registered in 0.000912 seconds.
Begin MonoManager ReloadAssembly
Native extension for LinuxStandalone target not found
Native extension for WindowsStandalone target not found
Native extension for WebGL target not found
Refreshing native plugins compatible for Editor in 0.36 ms, found 0 plugins.
Preloading 0 native plugins for Editor in 0.00 ms.
Invoked RoslynAnalysisRunner static constructor.
RoslynAnalysisRunner will not be running.
RoslynAnalysisRunner has terminated.
Mono: successfully reloaded assembly
- Completed reload, in  1.007 seconds
Platform modules already initialized, skipping
Refreshing native plugins compatible for Editor in 0.39 ms, found 0 plugins.
Preloading 0 native plugins for Editor in 0.00 ms.
Unloading 2016 Unused Serialized files (Serialized files now loaded: 0)
System memory in use before: 97.0 MB.
System memory in use after: 97.0 MB.

Unloading 8 unused Assets to reduce memory usage. Loaded Objects now: 2525.
Total: 3.115700 ms (FindLiveObjects: 0.209800 ms CreateObjectMapping: 0.064400 ms MarkObjects: 2.717100 ms  DeleteObjects: 0.123300 ms)

========================================================================
Received Prepare
Registering precompiled user dll's ...
Registered in 0.001185 seconds.
Begin MonoManager ReloadAssembly
Native extension for LinuxStandalone target not found
Native extension for WindowsStandalone target not found
Native extension for WebGL target not found
Refreshing native plugins compatible for Editor in 0.42 ms, found 0 plugins.
Preloading 0 native plugins for Editor in 0.00 ms.
Invoked RoslynAnalysisRunner static constructor.
RoslynAnalysisRunner will not be running.
RoslynAnalysisRunner has terminated.
Mono: successfully reloaded assembly
- Completed reload, in  1.378 seconds
Platform modules already initialized, skipping
Refreshing native plugins compatible for Editor in 0.37 ms, found 0 plugins.
Preloading 0 native plugins for Editor in 0.00 ms.
Unloading 2016 Unused Serialized files (Serialized files now loaded: 0)
System memory in use before: 97.0 MB.
System memory in use after: 97.0 MB.

Unloading 8 unused Assets to reduce memory usage. Loaded Objects now: 2528.
Total: 3.092800 ms (FindLiveObjects: 0.231000 ms CreateObjectMapping: 0.078800 ms MarkObjects: 2.677900 ms  DeleteObjects: 0.104200 ms)

========================================================================
Received Prepare
Registering precompiled user dll's ...
Registered in 0.001017 seconds.
Begin MonoManager ReloadAssembly
Native extension for LinuxStandalone target not found
Native extension for WindowsStandalone target not found
Native extension for WebGL target not found
Refreshing native plugins compatible for Editor in 0.37 ms, found 0 plugins.
Preloading 0 native plugins for Editor in 0.00 ms.
Invoked RoslynAnalysisRunner static constructor.
RoslynAnalysisRunner will not be running.
RoslynAnalysisRunner has terminated.
Mono: successfully reloaded assembly
- Completed reload, in  1.059 seconds
Platform modules already initialized, skipping
Refreshing native plugins compatible for Editor in 0.39 ms, found 0 plugins.
Preloading 0 native plugins for Editor in 0.00 ms.
Unloading 2016 Unused Serialized files (Serialized files now loaded: 0)
System memory in use before: 97.0 MB.
System memory in use after: 97.0 MB.

Unloading 8 unused Assets to reduce memory usage. Loaded Objects now: 2531.
Total: 3.517200 ms (FindLiveObjects: 0.255900 ms CreateObjectMapping: 0.102400 ms MarkObjects: 3.029900 ms  DeleteObjects: 0.127700 ms)

========================================================================
Received Prepare
Registering precompiled user dll's ...
Registered in 0.001138 seconds.
Begin MonoManager ReloadAssembly
Native extension for LinuxStandalone target not found
Native extension for WindowsStandalone target not found
Native extension for WebGL target not found
Refreshing native plugins compatible for Editor in 0.38 ms, found 0 plugins.
Preloading 0 native plugins for Editor in 0.00 ms.
Invoked RoslynAnalysisRunner static constructor.
RoslynAnalysisRunner will not be running.
RoslynAnalysisRunner has terminated.
Mono: successfully reloaded assembly
- Completed reload, in  1.005 seconds
Platform modules already initialized, skipping
Refreshing native plugins compatible for Editor in 0.39 ms, found 0 plugins.
Preloading 0 native plugins for Editor in 0.00 ms.
Unloading 2016 Unused Serialized files (Serialized files now loaded: 0)
System memory in use before: 97.0 MB.
System memory in use after: 97.0 MB.

Unloading 8 unused Assets to reduce memory usage. Loaded Objects now: 2534.
Total: 3.615500 ms (FindLiveObjects: 0.255700 ms CreateObjectMapping: 0.107700 ms MarkObjects: 3.113100 ms  DeleteObjects: 0.137500 ms)

========================================================================
Received Prepare
Registering precompiled user dll's ...
Registered in 0.001127 seconds.
Begin MonoManager ReloadAssembly
Native extension for LinuxStandalone target not found
Native extension for WindowsStandalone target not found
Native extension for WebGL target not found
Refreshing native plugins compatible for Editor in 0.37 ms, found 0 plugins.
Preloading 0 native plugins for Editor in 0.00 ms.
Invoked RoslynAnalysisRunner static constructor.
RoslynAnalysisRunner will not be running.
RoslynAnalysisRunner has terminated.
Mono: successfully reloaded assembly
- Completed reload, in  1.019 seconds
Platform modules already initialized, skipping
Refreshing native plugins compatible for Editor in 0.39 ms, found 0 plugins.
Preloading 0 native plugins for Editor in 0.00 ms.
Unloading 2016 Unused Serialized files (Serialized files now loaded: 0)
System memory in use before: 97.0 MB.
System memory in use after: 97.1 MB.

Unloading 8 unused Assets to reduce memory usage. Loaded Objects now: 2537.
Total: 3.318500 ms (FindLiveObjects: 0.264500 ms CreateObjectMapping: 0.073200 ms MarkObjects: 2.861300 ms  DeleteObjects: 0.118700 ms)

========================================================================
Received Prepare
Registering precompiled user dll's ...
Registered in 0.001002 seconds.
Begin MonoManager ReloadAssembly
Native extension for LinuxStandalone target not found
Native extension for WindowsStandalone target not found
Native extension for WebGL target not found
Refreshing native plugins compatible for Editor in 0.36 ms, found 0 plugins.
Preloading 0 native plugins for Editor in 0.00 ms.
Invoked RoslynAnalysisRunner static constructor.
RoslynAnalysisRunner will not be running.
RoslynAnalysisRunner has terminated.
Mono: successfully reloaded assembly
- Completed reload, in  0.941 seconds
Platform modules already initialized, skipping
Refreshing native plugins compatible for Editor in 0.37 ms, found 0 plugins.
Preloading 0 native plugins for Editor in 0.00 ms.
Unloading 2016 Unused Serialized files (Serialized files now loaded: 0)
System memory in use before: 97.0 MB.
System memory in use after: 97.1 MB.

Unloading 8 unused Assets to reduce memory usage. Loaded Objects now: 2540.
Total: 3.221100 ms (FindLiveObjects: 0.258400 ms CreateObjectMapping: 0.070200 ms MarkObjects: 2.785700 ms  DeleteObjects: 0.105900 ms)

========================================================================
Received Prepare
Registering precompiled user dll's ...
Registered in 0.001177 seconds.
Begin MonoManager ReloadAssembly
Native extension for LinuxStandalone target not found
Native extension for WindowsStandalone target not found
Native extension for WebGL target not found
Refreshing native plugins compatible for Editor in 0.36 ms, found 0 plugins.
Preloading 0 native plugins for Editor in 0.00 ms.
Invoked RoslynAnalysisRunner static constructor.
RoslynAnalysisRunner will not be running.
RoslynAnalysisRunner has terminated.
Mono: successfully reloaded assembly
- Completed reload, in  1.137 seconds
Platform modules already initialized, skipping
Refreshing native plugins compatible for Editor in 0.40 ms, found 0 plugins.
Preloading 0 native plugins for Editor in 0.00 ms.
Unloading 2016 Unused Serialized files (Serialized files now loaded: 0)
System memory in use before: 97.0 MB.
System memory in use after: 97.1 MB.

Unloading 8 unused Assets to reduce memory usage. Loaded Objects now: 2543.
Total: 3.339900 ms (FindLiveObjects: 0.250600 ms CreateObjectMapping: 0.086300 ms MarkObjects: 2.886300 ms  DeleteObjects: 0.115200 ms)

========================================================================
Received Prepare
Registering precompiled user dll's ...
Registered in 0.001195 seconds.
Begin MonoManager ReloadAssembly
Native extension for LinuxStandalone target not found
Native extension for WindowsStandalone target not found
Native extension for WebGL target not found
Refreshing native plugins compatible for Editor in 0.40 ms, found 0 plugins.
Preloading 0 native plugins for Editor in 0.00 ms.
Invoked RoslynAnalysisRunner static constructor.
RoslynAnalysisRunner will not be running.
RoslynAnalysisRunner has terminated.
Mono: successfully reloaded assembly
- Completed reload, in  0.978 seconds
Platform modules already initialized, skipping
Refreshing native plugins compatible for Editor in 0.37 ms, found 0 plugins.
Preloading 0 native plugins for Editor in 0.00 ms.
Unloading 2016 Unused Serialized files (Serialized files now loaded: 0)
System memory in use before: 97.0 MB.
System memory in use after: 97.1 MB.

Unloading 8 unused Assets to reduce memory usage. Loaded Objects now: 2546.
Total: 3.309800 ms (FindLiveObjects: 0.246800 ms CreateObjectMapping: 0.095800 ms MarkObjects: 2.849100 ms  DeleteObjects: 0.116900 ms)

========================================================================
Received Import Request.
  Time since last request: 1335.232610 seconds.
  path: Assets/Chinemachine/FBX/ybot@Walking.fbx
  artifactKey: Guid(6b337c5f0a9dd184a9487abbf3512228) Importer(815301076,1909f56bfc062723c751e8b465ee728b)
Start importing Assets/Chinemachine/FBX/ybot@Walking.fbx using Guid(6b337c5f0a9dd184a9487abbf3512228) Importer(815301076,1909f56bfc062723c751e8b465ee728b)  -> (artifact id: '8308b4697bbbbb44fcea7b7c45ec5960') in 0.037471 seconds
  Import took 0.042628 seconds .

========================================================================
Received Prepare
Registering precompiled user dll's ...
Registered in 0.001122 seconds.
Begin MonoManager ReloadAssembly
Native extension for LinuxStandalone target not found
Native extension for WindowsStandalone target not found
Native extension for WebGL target not found
Refreshing native plugins compatible for Editor in 0.35 ms, found 0 plugins.
Preloading 0 native plugins for Editor in 0.00 ms.
Invoked RoslynAnalysisRunner static constructor.
RoslynAnalysisRunner will not be running.
RoslynAnalysisRunner has terminated.
Mono: successfully reloaded assembly
- Completed reload, in  0.962 seconds
Platform modules already initialized, skipping
Refreshing native plugins compatible for Editor in 0.39 ms, found 0 plugins.
Preloading 0 native plugins for Editor in 0.00 ms.
Unloading 2016 Unused Serialized files (Serialized files now loaded: 0)
System memory in use before: 97.0 MB.
System memory in use after: 97.1 MB.

Unloading 8 unused Assets to reduce memory usage. Loaded Objects now: 2549.
Total: 3.084800 ms (FindLiveObjects: 0.208100 ms CreateObjectMapping: 0.071900 ms MarkObjects: 2.692800 ms  DeleteObjects: 0.111100 ms)

========================================================================
Received Prepare
Registering precompiled user dll's ...
Registered in 0.000954 seconds.
Begin MonoManager ReloadAssembly
Native extension for LinuxStandalone target not found
Native extension for WindowsStandalone target not found
Native extension for WebGL target not found
Refreshing native plugins compatible for Editor in 0.37 ms, found 0 plugins.
Preloading 0 native plugins for Editor in 0.00 ms.
Invoked RoslynAnalysisRunner static constructor.
RoslynAnalysisRunner will not be running.
RoslynAnalysisRunner has terminated.
Mono: successfully reloaded assembly
- Completed reload, in  0.990 seconds
Platform modules already initialized, skipping
Refreshing native plugins compatible for Editor in 0.46 ms, found 0 plugins.
Preloading 0 native plugins for Editor in 0.00 ms.
Unloading 2016 Unused Serialized files (Serialized files now loaded: 0)
System memory in use before: 97.0 MB.
System memory in use after: 97.1 MB.

Unloading 8 unused Assets to reduce memory usage. Loaded Objects now: 2552.
Total: 3.455000 ms (FindLiveObjects: 0.220800 ms CreateObjectMapping: 0.069300 ms MarkObjects: 2.957000 ms  DeleteObjects: 0.206800 ms)

========================================================================
Received Prepare
Registering precompiled user dll's ...
Registered in 0.001282 seconds.
Begin MonoManager ReloadAssembly
Native extension for LinuxStandalone target not found
Native extension for WindowsStandalone target not found
Native extension for WebGL target not found
Refreshing native plugins compatible for Editor in 0.36 ms, found 0 plugins.
Preloading 0 native plugins for Editor in 0.00 ms.
Invoked RoslynAnalysisRunner static constructor.
RoslynAnalysisRunner will not be running.
RoslynAnalysisRunner has terminated.
Mono: successfully reloaded assembly
- Completed reload, in  1.119 seconds
Platform modules already initialized, skipping
Refreshing native plugins compatible for Editor in 0.38 ms, found 0 plugins.
Preloading 0 native plugins for Editor in 0.00 ms.
Unloading 2016 Unused Serialized files (Serialized files now loaded: 0)
System memory in use before: 97.0 MB.
System memory in use after: 97.1 MB.

Unloading 8 unused Assets to reduce memory usage. Loaded Objects now: 2555.
Total: 3.685800 ms (FindLiveObjects: 0.331400 ms CreateObjectMapping: 0.124400 ms MarkObjects: 3.097300 ms  DeleteObjects: 0.129300 ms)

========================================================================
Received Prepare
Registering precompiled user dll's ...
Registered in 0.002028 seconds.
Begin MonoManager ReloadAssembly
Native extension for LinuxStandalone target not found
Native extension for WindowsStandalone target not found
Native extension for WebGL target not found
Refreshing native plugins compatible for Editor in 0.54 ms, found 0 plugins.
Preloading 0 native plugins for Editor in 0.00 ms.
Invoked RoslynAnalysisRunner static constructor.
RoslynAnalysisRunner will not be running.
RoslynAnalysisRunner has terminated.
Mono: successfully reloaded assembly
- Completed reload, in  1.761 seconds
Platform modules already initialized, skipping
Refreshing native plugins compatible for Editor in 0.89 ms, found 0 plugins.
Preloading 0 native plugins for Editor in 0.00 ms.
Unloading 2016 Unused Serialized files (Serialized files now loaded: 0)
System memory in use before: 97.1 MB.
System memory in use after: 97.1 MB.

Unloading 8 unused Assets to reduce memory usage. Loaded Objects now: 2558.
Total: 4.170500 ms (FindLiveObjects: 0.400800 ms CreateObjectMapping: 0.140900 ms MarkObjects: 3.447700 ms  DeleteObjects: 0.179200 ms)

========================================================================
Received Prepare
Registering precompiled user dll's ...
Registered in 0.001013 seconds.
Begin MonoManager ReloadAssembly
Native extension for LinuxStandalone target not found
Native extension for WindowsStandalone target not found
Native extension for WebGL target not found
Refreshing native plugins compatible for Editor in 0.54 ms, found 0 plugins.
Preloading 0 native plugins for Editor in 0.00 ms.
Invoked RoslynAnalysisRunner static constructor.
RoslynAnalysisRunner will not be running.
RoslynAnalysisRunner has terminated.
Mono: successfully reloaded assembly
- Completed reload, in  2.028 seconds
Platform modules already initialized, skipping
Refreshing native plugins compatible for Editor in 0.91 ms, found 0 plugins.
Preloading 0 native plugins for Editor in 0.00 ms.
Unloading 2016 Unused Serialized files (Serialized files now loaded: 0)
System memory in use before: 97.1 MB.
System memory in use after: 97.1 MB.

Unloading 8 unused Assets to reduce memory usage. Loaded Objects now: 2561.
Total: 7.295300 ms (FindLiveObjects: 0.509000 ms CreateObjectMapping: 0.232700 ms MarkObjects: 6.263200 ms  DeleteObjects: 0.287900 ms)

========================================================================
Received Import Request.
  Time since last request: 3640.292149 seconds.
  path: Assets/Chinemachine/TPP/FreeLook/Animation/TPP_ShooterController.controller
  artifactKey: Guid(9b0a2fbd9d57ecc43968c584616a13a6) Importer(815301076,1909f56bfc062723c751e8b465ee728b)
Start importing Assets/Chinemachine/TPP/FreeLook/Animation/TPP_ShooterController.controller using Guid(9b0a2fbd9d57ecc43968c584616a13a6) Importer(815301076,1909f56bfc062723c751e8b465ee728b)  -> (artifact id: '668c3329444290285f8ec5108243aeac') in 0.041234 seconds
  Import took 0.055703 seconds .

========================================================================
Received Import Request.
  Time since last request: 8.260880 seconds.
  path: Assets/Chinemachine/FBX/ybot@Walking.fbx
  artifactKey: Guid(6b337c5f0a9dd184a9487abbf3512228) Importer(815301076,1909f56bfc062723c751e8b465ee728b)
Start importing Assets/Chinemachine/FBX/ybot@Walking.fbx using Guid(6b337c5f0a9dd184a9487abbf3512228) Importer(815301076,1909f56bfc062723c751e8b465ee728b)  -> (artifact id: 'b7e83797de8b4a81957b03fb03872d15') in 0.028556 seconds
  Import took 0.034662 seconds .

========================================================================
Received Import Request.
  Time since last request: 0.016502 seconds.
  path: Assets/Chinemachine/FBX/ybot@Walking.fbx
  artifactKey: Guid(6b337c5f0a9dd184a9487abbf3512228) Importer(815301076,1909f56bfc062723c751e8b465ee728b)
Start importing Assets/Chinemachine/FBX/ybot@Walking.fbx using Guid(6b337c5f0a9dd184a9487abbf3512228) Importer(815301076,1909f56bfc062723c751e8b465ee728b)  -> (artifact id: 'b7e83797de8b4a81957b03fb03872d15') in 0.007616 seconds
  Import took 0.014344 seconds .

========================================================================
Received Prepare
Registering precompiled user dll's ...
Registered in 0.000964 seconds.
Begin MonoManager ReloadAssembly
Native extension for LinuxStandalone target not found
Native extension for WindowsStandalone target not found
Native extension for WebGL target not found
Refreshing native plugins compatible for Editor in 0.34 ms, found 0 plugins.
Preloading 0 native plugins for Editor in 0.00 ms.
Invoked RoslynAnalysisRunner static constructor.
RoslynAnalysisRunner will not be running.
RoslynAnalysisRunner has terminated.
Mono: successfully reloaded assembly
- Completed reload, in  0.937 seconds
Platform modules already initialized, skipping
Refreshing native plugins compatible for Editor in 0.38 ms, found 0 plugins.
Preloading 0 native plugins for Editor in 0.00 ms.
Unloading 2016 Unused Serialized files (Serialized files now loaded: 0)
System memory in use before: 97.1 MB.
System memory in use after: 97.2 MB.

Unloading 8 unused Assets to reduce memory usage. Loaded Objects now: 2564.
Total: 3.264800 ms (FindLiveObjects: 0.443000 ms CreateObjectMapping: 0.136800 ms MarkObjects: 2.579700 ms  DeleteObjects: 0.104500 ms)

========================================================================
Received Import Request.
  Time since last request: 91.629348 seconds.
  path: Assets/Chinemachine/TPP/FreeLook/Animation/TPP_ShooterController.controller
  artifactKey: Guid(9b0a2fbd9d57ecc43968c584616a13a6) Importer(815301076,1909f56bfc062723c751e8b465ee728b)
Start importing Assets/Chinemachine/TPP/FreeLook/Animation/TPP_ShooterController.controller using Guid(9b0a2fbd9d57ecc43968c584616a13a6) Importer(815301076,1909f56bfc062723c751e8b465ee728b)  -> (artifact id: '1b134a917532273cd5e375fc76f135de') in 0.037682 seconds
  Import took 0.044857 seconds .

========================================================================
Received Import Request.
  Time since last request: 0.021712 seconds.
  path: Assets/Chinemachine/TPP/FreeLook/Animation/TPP_ShooterController.controller
  artifactKey: Guid(9b0a2fbd9d57ecc43968c584616a13a6) Importer(815301076,1909f56bfc062723c751e8b465ee728b)
Start importing Assets/Chinemachine/TPP/FreeLook/Animation/TPP_ShooterController.controller using Guid(9b0a2fbd9d57ecc43968c584616a13a6) Importer(815301076,1909f56bfc062723c751e8b465ee728b)  -> (artifact id: '1b134a917532273cd5e375fc76f135de') in 0.008871 seconds
  Import took 0.015828 seconds .

========================================================================
Received Import Request.
  Time since last request: 34.883286 seconds.
  path: Assets/Chinemachine/TPP/FreeLook/Animation/TPP_ShooterController.controller
  artifactKey: Guid(9b0a2fbd9d57ecc43968c584616a13a6) Importer(815301076,1909f56bfc062723c751e8b465ee728b)
Start importing Assets/Chinemachine/TPP/FreeLook/Animation/TPP_ShooterController.controller using Guid(9b0a2fbd9d57ecc43968c584616a13a6) Importer(815301076,1909f56bfc062723c751e8b465ee728b)  -> (artifact id: 'c7aeb3b6fec215937e572e53628f6fd3') in 0.015053 seconds
  Import took 0.025747 seconds .

========================================================================
Received Prepare
Registering precompiled user dll's ...
Registered in 0.001556 seconds.
Begin MonoManager ReloadAssembly
Native extension for LinuxStandalone target not found
Native extension for WindowsStandalone target not found
Native extension for WebGL target not found
Refreshing native plugins compatible for Editor in 0.45 ms, found 0 plugins.
Preloading 0 native plugins for Editor in 0.00 ms.
Invoked RoslynAnalysisRunner static constructor.
RoslynAnalysisRunner will not be running.
RoslynAnalysisRunner has terminated.
Mono: successfully reloaded assembly
- Completed reload, in  1.455 seconds
Platform modules already initialized, skipping
Refreshing native plugins compatible for Editor in 1.01 ms, found 0 plugins.
Preloading 0 native plugins for Editor in 0.00 ms.
Unloading 2016 Unused Serialized files (Serialized files now loaded: 0)
System memory in use before: 97.1 MB.
System memory in use after: 97.2 MB.

Unloading 8 unused Assets to reduce memory usage. Loaded Objects now: 2567.
Total: 9.171800 ms (FindLiveObjects: 0.790400 ms CreateObjectMapping: 0.690500 ms MarkObjects: 7.367900 ms  DeleteObjects: 0.319600 ms)

========================================================================
Received Import Request.
  Time since last request: 65.076409 seconds.
  path: Assets/Chinemachine/TPP/FreeLook/Animation/TPP_ShooterController.controller
  artifactKey: Guid(9b0a2fbd9d57ecc43968c584616a13a6) Importer(815301076,1909f56bfc062723c751e8b465ee728b)
Start importing Assets/Chinemachine/TPP/FreeLook/Animation/TPP_ShooterController.controller using Guid(9b0a2fbd9d57ecc43968c584616a13a6) Importer(815301076,1909f56bfc062723c751e8b465ee728b)  -> (artifact id: '4158909edfe79db9824018742198f9d7') in 0.043920 seconds
  Import took 0.053563 seconds .

========================================================================
Received Prepare
Registering precompiled user dll's ...
Registered in 0.001473 seconds.
Begin MonoManager ReloadAssembly
Native extension for LinuxStandalone target not found
Native extension for WindowsStandalone target not found
Native extension for WebGL target not found
Refreshing native plugins compatible for Editor in 0.62 ms, found 0 plugins.
Preloading 0 native plugins for Editor in 0.00 ms.
Invoked RoslynAnalysisRunner static constructor.
RoslynAnalysisRunner will not be running.
RoslynAnalysisRunner has terminated.
Mono: successfully reloaded assembly
- Completed reload, in  2.205 seconds
Platform modules already initialized, skipping
Refreshing native plugins compatible for Editor in 0.50 ms, found 0 plugins.
Preloading 0 native plugins for Editor in 0.00 ms.
Unloading 2016 Unused Serialized files (Serialized files now loaded: 0)
System memory in use before: 97.1 MB.
System memory in use after: 97.2 MB.

Unloading 8 unused Assets to reduce memory usage. Loaded Objects now: 2570.
Total: 3.329300 ms (FindLiveObjects: 0.257300 ms CreateObjectMapping: 0.148500 ms MarkObjects: 2.741500 ms  DeleteObjects: 0.180100 ms)

========================================================================
Received Import Request.
  Time since last request: 90.466601 seconds.
  path: Assets/Chinemachine/FBX/Jump.anim
  artifactKey: Guid(cd13dd7400c03654290d4d324c1abc88) Importer(815301076,1909f56bfc062723c751e8b465ee728b)
Start importing Assets/Chinemachine/FBX/Jump.anim using Guid(cd13dd7400c03654290d4d324c1abc88) Importer(815301076,1909f56bfc062723c751e8b465ee728b)  -> (artifact id: 'bf711d563d301986b6427285b088f2aa') in 0.199849 seconds
  Import took 0.207805 seconds .

========================================================================
Received Import Request.
  Time since last request: 58.051007 seconds.
  path: Assets/Chinemachine/FBX/ybot@Jump.fbx
  artifactKey: Guid(e76a5d855535cb24599f764c0f12b14e) Importer(815301076,1909f56bfc062723c751e8b465ee728b)
Start importing Assets/Chinemachine/FBX/ybot@Jump.fbx using Guid(e76a5d855535cb24599f764c0f12b14e) Importer(815301076,1909f56bfc062723c751e8b465ee728b)  -> (artifact id: '326c8e06960b3b75783e7ad9b6234da1') in 0.028024 seconds
  Import took 0.034295 seconds .

========================================================================
Received Import Request.
  Time since last request: 83.441545 seconds.
  path: Assets/Chinemachine/FBX/ybot@Jump.fbx
  artifactKey: Guid(e76a5d855535cb24599f764c0f12b14e) Importer(815301076,1909f56bfc062723c751e8b465ee728b)
Start importing Assets/Chinemachine/FBX/ybot@Jump.fbx using Guid(e76a5d855535cb24599f764c0f12b14e) Importer(815301076,1909f56bfc062723c751e8b465ee728b)  -> (artifact id: '01c35d97f6560377026b2119abe66123') in 0.016365 seconds
  Import took 0.029736 seconds .

========================================================================
Received Import Request.
  Time since last request: 27.271185 seconds.
  path: Assets/Chinemachine/FBX/ybot@Jump.fbx
  artifactKey: Guid(e76a5d855535cb24599f764c0f12b14e) Importer(815301076,1909f56bfc062723c751e8b465ee728b)
Start importing Assets/Chinemachine/FBX/ybot@Jump.fbx using Guid(e76a5d855535cb24599f764c0f12b14e) Importer(815301076,1909f56bfc062723c751e8b465ee728b)  -> (artifact id: '59e4a1ce64f7d39f9d6a58ea4a3290e9') in 0.010916 seconds
  Import took 0.018565 seconds .

========================================================================
Received Import Request.
  Time since last request: 29.888483 seconds.
  path: Assets/Chinemachine/FBX/ybot@Jump.fbx
  artifactKey: Guid(e76a5d855535cb24599f764c0f12b14e) Importer(815301076,1909f56bfc062723c751e8b465ee728b)
Start importing Assets/Chinemachine/FBX/ybot@Jump.fbx using Guid(e76a5d855535cb24599f764c0f12b14e) Importer(815301076,1909f56bfc062723c751e8b465ee728b)  -> (artifact id: '3cc100463e79790a4099ee59053aa546') in 0.007209 seconds
  Import took 0.013082 seconds .

========================================================================
Received Prepare
Registering precompiled user dll's ...
Registered in 0.001378 seconds.
Begin MonoManager ReloadAssembly
Native extension for LinuxStandalone target not found
Native extension for WindowsStandalone target not found
Native extension for WebGL target not found
Refreshing native plugins compatible for Editor in 0.38 ms, found 0 plugins.
Preloading 0 native plugins for Editor in 0.00 ms.
Invoked RoslynAnalysisRunner static constructor.
RoslynAnalysisRunner will not be running.
RoslynAnalysisRunner has terminated.
Mono: successfully reloaded assembly
- Completed reload, in  1.756 seconds
Platform modules already initialized, skipping
Refreshing native plugins compatible for Editor in 0.76 ms, found 0 plugins.
Preloading 0 native plugins for Editor in 0.00 ms.
Unloading 2016 Unused Serialized files (Serialized files now loaded: 0)
System memory in use before: 97.1 MB.
System memory in use after: 97.2 MB.

Unloading 8 unused Assets to reduce memory usage. Loaded Objects now: 2573.
Total: 8.425200 ms (FindLiveObjects: 0.713900 ms CreateObjectMapping: 0.293200 ms MarkObjects: 6.961100 ms  DeleteObjects: 0.451200 ms)

========================================================================
Received Import Request.
  Time since last request: 778.020574 seconds.
  path: Assets/Chinemachine/TPP/FreeLook/Animation/TPP_ShooterController.controller
  artifactKey: Guid(9b0a2fbd9d57ecc43968c584616a13a6) Importer(815301076,1909f56bfc062723c751e8b465ee728b)
Start importing Assets/Chinemachine/TPP/FreeLook/Animation/TPP_ShooterController.controller using Guid(9b0a2fbd9d57ecc43968c584616a13a6) Importer(815301076,1909f56bfc062723c751e8b465ee728b)  -> (artifact id: 'a496a6f6fae2c5753d918d67935d1169') in 0.113981 seconds
  Import took 0.126525 seconds .

========================================================================
Received Prepare
Registering precompiled user dll's ...
Registered in 0.000950 seconds.
Begin MonoManager ReloadAssembly
Native extension for LinuxStandalone target not found
Native extension for WindowsStandalone target not found
Native extension for WebGL target not found
Refreshing native plugins compatible for Editor in 0.34 ms, found 0 plugins.
Preloading 0 native plugins for Editor in 0.00 ms.
Invoked RoslynAnalysisRunner static constructor.
RoslynAnalysisRunner will not be running.
RoslynAnalysisRunner has terminated.
Mono: successfully reloaded assembly
- Completed reload, in  0.903 seconds
Platform modules already initialized, skipping
Refreshing native plugins compatible for Editor in 0.61 ms, found 0 plugins.
Preloading 0 native plugins for Editor in 0.00 ms.
Unloading 2016 Unused Serialized files (Serialized files now loaded: 0)
System memory in use before: 97.1 MB.
System memory in use after: 97.2 MB.

Unloading 8 unused Assets to reduce memory usage. Loaded Objects now: 2576.
Total: 3.746000 ms (FindLiveObjects: 0.261700 ms CreateObjectMapping: 0.105200 ms MarkObjects: 3.240400 ms  DeleteObjects: 0.136600 ms)

========================================================================
Received Prepare
Registering precompiled user dll's ...
Registered in 0.001212 seconds.
Begin MonoManager ReloadAssembly
Native extension for LinuxStandalone target not found
Native extension for WindowsStandalone target not found
Native extension for WebGL target not found
Refreshing native plugins compatible for Editor in 0.54 ms, found 0 plugins.
Preloading 0 native plugins for Editor in 0.00 ms.
Invoked RoslynAnalysisRunner static constructor.
RoslynAnalysisRunner will not be running.
RoslynAnalysisRunner has terminated.
Mono: successfully reloaded assembly
- Completed reload, in  2.483 seconds
Platform modules already initialized, skipping
Refreshing native plugins compatible for Editor in 0.96 ms, found 0 plugins.
Preloading 0 native plugins for Editor in 0.00 ms.
Unloading 2016 Unused Serialized files (Serialized files now loaded: 0)
System memory in use before: 97.1 MB.
System memory in use after: 97.2 MB.

Unloading 8 unused Assets to reduce memory usage. Loaded Objects now: 2579.
Total: 9.220400 ms (FindLiveObjects: 0.645300 ms CreateObjectMapping: 0.258100 ms MarkObjects: 7.979800 ms  DeleteObjects: 0.332300 ms)

========================================================================
Received Prepare
Registering precompiled user dll's ...
Registered in 0.001041 seconds.
Begin MonoManager ReloadAssembly
Native extension for LinuxStandalone target not found
Native extension for WindowsStandalone target not found
Native extension for WebGL target not found
Refreshing native plugins compatible for Editor in 0.41 ms, found 0 plugins.
Preloading 0 native plugins for Editor in 0.00 ms.
Invoked RoslynAnalysisRunner static constructor.
RoslynAnalysisRunner will not be running.
RoslynAnalysisRunner has terminated.
Mono: successfully reloaded assembly
- Completed reload, in  1.109 seconds
Platform modules already initialized, skipping
Refreshing native plugins compatible for Editor in 0.44 ms, found 0 plugins.
Preloading 0 native plugins for Editor in 0.00 ms.
Unloading 2016 Unused Serialized files (Serialized files now loaded: 0)
System memory in use before: 97.1 MB.
System memory in use after: 97.2 MB.

Unloading 8 unused Assets to reduce memory usage. Loaded Objects now: 2582.
Total: 3.273600 ms (FindLiveObjects: 0.295200 ms CreateObjectMapping: 0.076800 ms MarkObjects: 2.779100 ms  DeleteObjects: 0.121400 ms)

========================================================================
Received Import Request.
  Time since last request: 769.632801 seconds.
  path: Assets/Chinemachine/TPP/FreeLook/Animation/JumpStart.anim
  artifactKey: Guid(70f2ba03cd9368b4b80daef16b180303) Importer(815301076,1909f56bfc062723c751e8b465ee728b)
Start importing Assets/Chinemachine/TPP/FreeLook/Animation/JumpStart.anim using Guid(70f2ba03cd9368b4b80daef16b180303) Importer(815301076,1909f56bfc062723c751e8b465ee728b)  -> (artifact id: '1b24d6f0a75941370e093160b131027e') in 0.047315 seconds
  Import took 0.053507 seconds .

========================================================================
Received Import Request.
  Time since last request: 0.025779 seconds.
  path: Assets/Chinemachine/TPP/FreeLook/Animation/JumpStart.anim
  artifactKey: Guid(70f2ba03cd9368b4b80daef16b180303) Importer(815301076,1909f56bfc062723c751e8b465ee728b)
Start importing Assets/Chinemachine/TPP/FreeLook/Animation/JumpStart.anim using Guid(70f2ba03cd9368b4b80daef16b180303) Importer(815301076,1909f56bfc062723c751e8b465ee728b)  -> (artifact id: '1b24d6f0a75941370e093160b131027e') in 0.025577 seconds
  Import took 0.031497 seconds .

========================================================================
Received Import Request.
  Time since last request: 5.748107 seconds.
  path: Assets/Chinemachine/Animation
  artifactKey: Guid(4fab1f6e9054f5846846fba67b70ded5) Importer(815301076,1909f56bfc062723c751e8b465ee728b)
Start importing Assets/Chinemachine/Animation using Guid(4fab1f6e9054f5846846fba67b70ded5) Importer(815301076,1909f56bfc062723c751e8b465ee728b)  -> (artifact id: '86c760ba8dfcb30d863315407d3d9bd2') in 0.011827 seconds
  Import took 0.017839 seconds .

========================================================================
Received Import Request.
  Time since last request: 2.283243 seconds.
  path: Assets/Chinemachine/Sprite
  artifactKey: Guid(64a67232228aa3b4cb1ba971d4cea2fc) Importer(815301076,1909f56bfc062723c751e8b465ee728b)
Start importing Assets/Chinemachine/Sprite using Guid(64a67232228aa3b4cb1ba971d4cea2fc) Importer(815301076,1909f56bfc062723c751e8b465ee728b)  -> (artifact id: '037968458abc43adfbec8132d6f20ae9') in 0.011654 seconds
  Import took 0.018060 seconds .

========================================================================
Received Import Request.
  Time since last request: 17.045080 seconds.
  path: Assets/Chinemachine/FBX/JumpEnd.anim
  artifactKey: Guid(977ebf05024ecbd4a92a4a015c5a5b8f) Importer(815301076,1909f56bfc062723c751e8b465ee728b)
Start importing Assets/Chinemachine/FBX/JumpEnd.anim using Guid(977ebf05024ecbd4a92a4a015c5a5b8f) Importer(815301076,1909f56bfc062723c751e8b465ee728b)  -> (artifact id: 'b4b2212346aa4f007be8d9ec9a5debe5') in 0.037451 seconds
  Import took 0.043000 seconds .

========================================================================
Received Import Request.
  Time since last request: 0.020145 seconds.
  path: Assets/Chinemachine/FBX/JumpEnd.anim
  artifactKey: Guid(977ebf05024ecbd4a92a4a015c5a5b8f) Importer(815301076,1909f56bfc062723c751e8b465ee728b)
Start importing Assets/Chinemachine/FBX/JumpEnd.anim using Guid(977ebf05024ecbd4a92a4a015c5a5b8f) Importer(815301076,1909f56bfc062723c751e8b465ee728b)  -> (artifact id: 'b4b2212346aa4f007be8d9ec9a5debe5') in 0.030704 seconds
  Import took 0.037040 seconds .

========================================================================
Received Prepare
Registering precompiled user dll's ...
Registered in 0.001541 seconds.
Begin MonoManager ReloadAssembly
Native extension for LinuxStandalone target not found
Native extension for WindowsStandalone target not found
Native extension for WebGL target not found
Refreshing native plugins compatible for Editor in 0.65 ms, found 0 plugins.
Preloading 0 native plugins for Editor in 0.00 ms.
Invoked RoslynAnalysisRunner static constructor.
RoslynAnalysisRunner will not be running.
RoslynAnalysisRunner has terminated.
Mono: successfully reloaded assembly
- Completed reload, in  2.889 seconds
Platform modules already initialized, skipping
Refreshing native plugins compatible for Editor in 0.50 ms, found 0 plugins.
Preloading 0 native plugins for Editor in 0.00 ms.
Unloading 2016 Unused Serialized files (Serialized files now loaded: 0)
System memory in use before: 97.1 MB.
System memory in use after: 97.2 MB.

Unloading 8 unused Assets to reduce memory usage. Loaded Objects now: 2585.
Total: 3.354600 ms (FindLiveObjects: 0.258300 ms CreateObjectMapping: 0.126600 ms MarkObjects: 2.821400 ms  DeleteObjects: 0.146800 ms)

========================================================================
Received Import Request.
  Time since last request: 28.283407 seconds.
  path: Assets/Chinemachine/TPP/FreeLook/Animation/JumpStart.anim
  artifactKey: Guid(70f2ba03cd9368b4b80daef16b180303) Importer(815301076,1909f56bfc062723c751e8b465ee728b)
Start importing Assets/Chinemachine/TPP/FreeLook/Animation/JumpStart.anim using Guid(70f2ba03cd9368b4b80daef16b180303) Importer(815301076,1909f56bfc062723c751e8b465ee728b)  -> (artifact id: '3df4a9419b7c78b10e90fd8ee6cdbe21') in 0.074952 seconds
  Import took 0.087335 seconds .

========================================================================
Received Import Request.
  Time since last request: 0.001837 seconds.
  path: Assets/Chinemachine/TPP/FreeLook/Animation/JumpStart.anim
  artifactKey: Guid(70f2ba03cd9368b4b80daef16b180303) Importer(815301076,1909f56bfc062723c751e8b465ee728b)
Start importing Assets/Chinemachine/TPP/FreeLook/Animation/JumpStart.anim using Guid(70f2ba03cd9368b4b80daef16b180303) Importer(815301076,1909f56bfc062723c751e8b465ee728b)  -> (artifact id: '3df4a9419b7c78b10e90fd8ee6cdbe21') in 0.075012 seconds
  Import took 0.089478 seconds .

========================================================================
Received Import Request.
  Time since last request: 27.858870 seconds.
  path: Assets/Chinemachine/TPP/FreeLook/Animation/InAir.anim
  artifactKey: Guid(6cb4dbc9434c7e44ea7adb63ce4be984) Importer(815301076,1909f56bfc062723c751e8b465ee728b)
Start importing Assets/Chinemachine/TPP/FreeLook/Animation/InAir.anim using Guid(6cb4dbc9434c7e44ea7adb63ce4be984) Importer(815301076,1909f56bfc062723c751e8b465ee728b)  -> (artifact id: '56e39cf2d876db366fc52f2a3bf04243') in 0.024761 seconds
  Import took 0.031500 seconds .

========================================================================
Received Import Request.
  Time since last request: 0.014179 seconds.
  path: Assets/Chinemachine/TPP/FreeLook/Animation/InAir.anim
  artifactKey: Guid(6cb4dbc9434c7e44ea7adb63ce4be984) Importer(815301076,1909f56bfc062723c751e8b465ee728b)
Start importing Assets/Chinemachine/TPP/FreeLook/Animation/InAir.anim using Guid(6cb4dbc9434c7e44ea7adb63ce4be984) Importer(815301076,1909f56bfc062723c751e8b465ee728b)  -> (artifact id: '56e39cf2d876db366fc52f2a3bf04243') in 0.017245 seconds
  Import took 0.022593 seconds .

========================================================================
Received Import Request.
  Time since last request: 8.685339 seconds.
  path: Assets/Chinemachine/TPP/FreeLook/Animation/InAir.anim
  artifactKey: Guid(6cb4dbc9434c7e44ea7adb63ce4be984) Importer(815301076,1909f56bfc062723c751e8b465ee728b)
Start importing Assets/Chinemachine/TPP/FreeLook/Animation/InAir.anim using Guid(6cb4dbc9434c7e44ea7adb63ce4be984) Importer(815301076,1909f56bfc062723c751e8b465ee728b)  -> (artifact id: 'a0835c2455966897592ef86a1d141180') in 0.024508 seconds
  Import took 0.033933 seconds .

========================================================================
Received Prepare
Registering precompiled user dll's ...
Registered in 0.002138 seconds.
Begin MonoManager ReloadAssembly
Native extension for LinuxStandalone target not found
Native extension for WindowsStandalone target not found
Native extension for WebGL target not found
Refreshing native plugins compatible for Editor in 0.62 ms, found 0 plugins.
Preloading 0 native plugins for Editor in 0.00 ms.
Invoked RoslynAnalysisRunner static constructor.
RoslynAnalysisRunner will not be running.
RoslynAnalysisRunner has terminated.
Mono: successfully reloaded assembly
- Completed reload, in  2.551 seconds
Platform modules already initialized, skipping
Refreshing native plugins compatible for Editor in 0.42 ms, found 0 plugins.
Preloading 0 native plugins for Editor in 0.00 ms.
Unloading 2016 Unused Serialized files (Serialized files now loaded: 0)
System memory in use before: 97.2 MB.
System memory in use after: 97.2 MB.

Unloading 8 unused Assets to reduce memory usage. Loaded Objects now: 2588.
Total: 10.122300 ms (FindLiveObjects: 0.678400 ms CreateObjectMapping: 0.291900 ms MarkObjects: 8.768800 ms  DeleteObjects: 0.379300 ms)

========================================================================
Received Prepare
Registering precompiled user dll's ...
Registered in 0.001066 seconds.
Begin MonoManager ReloadAssembly
Native extension for LinuxStandalone target not found
Native extension for WindowsStandalone target not found
Native extension for WebGL target not found
Refreshing native plugins compatible for Editor in 0.45 ms, found 0 plugins.
Preloading 0 native plugins for Editor in 0.00 ms.
Invoked RoslynAnalysisRunner static constructor.
RoslynAnalysisRunner will not be running.
RoslynAnalysisRunner has terminated.
Mono: successfully reloaded assembly
- Completed reload, in  1.117 seconds
Platform modules already initialized, skipping
Refreshing native plugins compatible for Editor in 0.42 ms, found 0 plugins.
Preloading 0 native plugins for Editor in 0.00 ms.
Unloading 2016 Unused Serialized files (Serialized files now loaded: 0)
System memory in use before: 97.2 MB.
System memory in use after: 97.2 MB.

Unloading 8 unused Assets to reduce memory usage. Loaded Objects now: 2591.
Total: 3.358100 ms (FindLiveObjects: 0.244400 ms CreateObjectMapping: 0.071400 ms MarkObjects: 2.915700 ms  DeleteObjects: 0.125700 ms)

========================================================================
Received Prepare
Registering precompiled user dll's ...
Registered in 0.001236 seconds.
Begin MonoManager ReloadAssembly
Native extension for LinuxStandalone target not found
Native extension for WindowsStandalone target not found
Native extension for WebGL target not found
Refreshing native plugins compatible for Editor in 0.52 ms, found 0 plugins.
Preloading 0 native plugins for Editor in 0.00 ms.
Invoked RoslynAnalysisRunner static constructor.
RoslynAnalysisRunner will not be running.
RoslynAnalysisRunner has terminated.
Mono: successfully reloaded assembly
- Completed reload, in  2.388 seconds
Platform modules already initialized, skipping
Refreshing native plugins compatible for Editor in 0.47 ms, found 0 plugins.
Preloading 0 native plugins for Editor in 0.00 ms.
Unloading 2016 Unused Serialized files (Serialized files now loaded: 0)
System memory in use before: 97.2 MB.
System memory in use after: 97.2 MB.

Unloading 8 unused Assets to reduce memory usage. Loaded Objects now: 2594.
Total: 3.935700 ms (FindLiveObjects: 0.278300 ms CreateObjectMapping: 0.180500 ms MarkObjects: 3.237600 ms  DeleteObjects: 0.238000 ms)

========================================================================
Received Prepare
Registering precompiled user dll's ...
Registered in 0.001252 seconds.
Begin MonoManager ReloadAssembly
Native extension for LinuxStandalone target not found
Native extension for WindowsStandalone target not found
Native extension for WebGL target not found
Refreshing native plugins compatible for Editor in 0.41 ms, found 0 plugins.
Preloading 0 native plugins for Editor in 0.00 ms.
Invoked RoslynAnalysisRunner static constructor.
RoslynAnalysisRunner will not be running.
RoslynAnalysisRunner has terminated.
Mono: successfully reloaded assembly
- Completed reload, in  1.156 seconds
Platform modules already initialized, skipping
Refreshing native plugins compatible for Editor in 0.67 ms, found 0 plugins.
Preloading 0 native plugins for Editor in 0.00 ms.
Unloading 2016 Unused Serialized files (Serialized files now loaded: 0)
System memory in use before: 97.2 MB.
System memory in use after: 97.2 MB.

Unloading 8 unused Assets to reduce memory usage. Loaded Objects now: 2597.
Total: 3.490600 ms (FindLiveObjects: 0.250000 ms CreateObjectMapping: 0.084400 ms MarkObjects: 3.003600 ms  DeleteObjects: 0.151600 ms)

========================================================================
Received Prepare
Registering precompiled user dll's ...
Registered in 0.001477 seconds.
Begin MonoManager ReloadAssembly
Native extension for LinuxStandalone target not found
Native extension for WindowsStandalone target not found
Native extension for WebGL target not found
Refreshing native plugins compatible for Editor in 0.38 ms, found 0 plugins.
Preloading 0 native plugins for Editor in 0.00 ms.
Invoked RoslynAnalysisRunner static constructor.
RoslynAnalysisRunner will not be running.
RoslynAnalysisRunner has terminated.
Mono: successfully reloaded assembly
- Completed reload, in  1.248 seconds
Platform modules already initialized, skipping
Refreshing native plugins compatible for Editor in 0.43 ms, found 0 plugins.
Preloading 0 native plugins for Editor in 0.00 ms.
Unloading 2016 Unused Serialized files (Serialized files now loaded: 0)
System memory in use before: 97.2 MB.
System memory in use after: 97.2 MB.

Unloading 8 unused Assets to reduce memory usage. Loaded Objects now: 2600.
Total: 3.313800 ms (FindLiveObjects: 0.284300 ms CreateObjectMapping: 0.078100 ms MarkObjects: 2.805800 ms  DeleteObjects: 0.144800 ms)

========================================================================
Received Prepare
Registering precompiled user dll's ...
Registered in 0.003318 seconds.
Begin MonoManager ReloadAssembly
Native extension for LinuxStandalone target not found
Native extension for WindowsStandalone target not found
Native extension for WebGL target not found
Refreshing native plugins compatible for Editor in 0.54 ms, found 0 plugins.
Preloading 0 native plugins for Editor in 0.00 ms.
Invoked RoslynAnalysisRunner static constructor.
RoslynAnalysisRunner will not be running.
RoslynAnalysisRunner has terminated.
Mono: successfully reloaded assembly
- Completed reload, in  1.493 seconds
Platform modules already initialized, skipping
Refreshing native plugins compatible for Editor in 0.53 ms, found 0 plugins.
Preloading 0 native plugins for Editor in 0.00 ms.
Unloading 2016 Unused Serialized files (Serialized files now loaded: 0)
System memory in use before: 97.2 MB.
System memory in use after: 97.3 MB.

Unloading 8 unused Assets to reduce memory usage. Loaded Objects now: 2603.
Total: 6.322100 ms (FindLiveObjects: 0.431800 ms CreateObjectMapping: 0.196800 ms MarkObjects: 5.444300 ms  DeleteObjects: 0.245700 ms)

========================================================================
Received Prepare
Registering precompiled user dll's ...
Registered in 0.001381 seconds.
Begin MonoManager ReloadAssembly
Native extension for LinuxStandalone target not found
Native extension for WindowsStandalone target not found
Native extension for WebGL target not found
Refreshing native plugins compatible for Editor in 0.89 ms, found 0 plugins.
Preloading 0 native plugins for Editor in 0.00 ms.
Invoked RoslynAnalysisRunner static constructor.
RoslynAnalysisRunner will not be running.
RoslynAnalysisRunner has terminated.
Mono: successfully reloaded assembly
- Completed reload, in  1.883 seconds
Platform modules already initialized, skipping
Refreshing native plugins compatible for Editor in 0.39 ms, found 0 plugins.
Preloading 0 native plugins for Editor in 0.00 ms.
Unloading 2016 Unused Serialized files (Serialized files now loaded: 0)
System memory in use before: 97.2 MB.
System memory in use after: 97.3 MB.

Unloading 8 unused Assets to reduce memory usage. Loaded Objects now: 2606.
Total: 3.984800 ms (FindLiveObjects: 0.296500 ms CreateObjectMapping: 0.087800 ms MarkObjects: 3.418100 ms  DeleteObjects: 0.181300 ms)

========================================================================
Received Prepare
Registering precompiled user dll's ...
Registered in 0.001567 seconds.
Begin MonoManager ReloadAssembly
Native extension for LinuxStandalone target not found
Native extension for WindowsStandalone target not found
Native extension for WebGL target not found
Refreshing native plugins compatible for Editor in 0.40 ms, found 0 plugins.
Preloading 0 native plugins for Editor in 0.00 ms.
Invoked RoslynAnalysisRunner static constructor.
RoslynAnalysisRunner will not be running.
RoslynAnalysisRunner has terminated.
Mono: successfully reloaded assembly
- Completed reload, in  1.369 seconds
Platform modules already initialized, skipping
Refreshing native plugins compatible for Editor in 0.41 ms, found 0 plugins.
Preloading 0 native plugins for Editor in 0.00 ms.
Unloading 2016 Unused Serialized files (Serialized files now loaded: 0)
System memory in use before: 97.2 MB.
System memory in use after: 97.3 MB.

Unloading 8 unused Assets to reduce memory usage. Loaded Objects now: 2609.
Total: 2.894600 ms (FindLiveObjects: 0.186300 ms CreateObjectMapping: 0.067400 ms MarkObjects: 2.532900 ms  DeleteObjects: 0.107000 ms)

========================================================================
Received Prepare
Registering precompiled user dll's ...
Registered in 0.001492 seconds.
Begin MonoManager ReloadAssembly
Native extension for LinuxStandalone target not found
Native extension for WindowsStandalone target not found
Native extension for WebGL target not found
Refreshing native plugins compatible for Editor in 0.37 ms, found 0 plugins.
Preloading 0 native plugins for Editor in 0.00 ms.
Invoked RoslynAnalysisRunner static constructor.
RoslynAnalysisRunner will not be running.
RoslynAnalysisRunner has terminated.
Mono: successfully reloaded assembly
- Completed reload, in  1.197 seconds
Platform modules already initialized, skipping
Refreshing native plugins compatible for Editor in 0.41 ms, found 0 plugins.
Preloading 0 native plugins for Editor in 0.00 ms.
Unloading 2016 Unused Serialized files (Serialized files now loaded: 0)
System memory in use before: 97.2 MB.
System memory in use after: 97.3 MB.

Unloading 8 unused Assets to reduce memory usage. Loaded Objects now: 2612.
Total: 3.571400 ms (FindLiveObjects: 0.205000 ms CreateObjectMapping: 0.070400 ms MarkObjects: 3.157000 ms  DeleteObjects: 0.138000 ms)

========================================================================
Received Prepare
Registering precompiled user dll's ...
Registered in 0.001265 seconds.
Begin MonoManager ReloadAssembly
Native extension for LinuxStandalone target not found
Native extension for WindowsStandalone target not found
Native extension for WebGL target not found
Refreshing native plugins compatible for Editor in 0.41 ms, found 0 plugins.
Preloading 0 native plugins for Editor in 0.00 ms.
Invoked RoslynAnalysisRunner static constructor.
RoslynAnalysisRunner will not be running.
RoslynAnalysisRunner has terminated.
Mono: successfully reloaded assembly
- Completed reload, in  1.285 seconds
Platform modules already initialized, skipping
Refreshing native plugins compatible for Editor in 0.74 ms, found 0 plugins.
Preloading 0 native plugins for Editor in 0.00 ms.
Unloading 2016 Unused Serialized files (Serialized files now loaded: 0)
System memory in use before: 97.2 MB.
System memory in use after: 97.3 MB.

Unloading 8 unused Assets to reduce memory usage. Loaded Objects now: 2615.
Total: 5.236900 ms (FindLiveObjects: 0.357000 ms CreateObjectMapping: 0.153400 ms MarkObjects: 4.460800 ms  DeleteObjects: 0.263400 ms)

========================================================================
Received Prepare
Registering precompiled user dll's ...
Registered in 0.000895 seconds.
Begin MonoManager ReloadAssembly
Native extension for LinuxStandalone target not found
Native extension for WindowsStandalone target not found
Native extension for WebGL target not found
Refreshing native plugins compatible for Editor in 0.35 ms, found 0 plugins.
Preloading 0 native plugins for Editor in 0.00 ms.
Invoked RoslynAnalysisRunner static constructor.
RoslynAnalysisRunner will not be running.
RoslynAnalysisRunner has terminated.
Mono: successfully reloaded assembly
- Completed reload, in  0.876 seconds
Platform modules already initialized, skipping
Refreshing native plugins compatible for Editor in 0.40 ms, found 0 plugins.
Preloading 0 native plugins for Editor in 0.00 ms.
Unloading 2016 Unused Serialized files (Serialized files now loaded: 0)
System memory in use before: 97.2 MB.
System memory in use after: 97.3 MB.

Unloading 8 unused Assets to reduce memory usage. Loaded Objects now: 2618.
Total: 3.001900 ms (FindLiveObjects: 0.294000 ms CreateObjectMapping: 0.087500 ms MarkObjects: 2.509000 ms  DeleteObjects: 0.110200 ms)

========================================================================
Received Import Request.
  Time since last request: 722.031753 seconds.
  path: Assets/Chinemachine/TPP/FreeLook/Animation/TPP_ShooterController.controller
  artifactKey: Guid(9b0a2fbd9d57ecc43968c584616a13a6) Importer(815301076,1909f56bfc062723c751e8b465ee728b)
Start importing Assets/Chinemachine/TPP/FreeLook/Animation/TPP_ShooterController.controller using Guid(9b0a2fbd9d57ecc43968c584616a13a6) Importer(815301076,1909f56bfc062723c751e8b465ee728b)  -> (artifact id: 'ed2ff45f0382ea3f0b9e69995204443b') in 0.078807 seconds
  Import took 0.086090 seconds .

========================================================================
Received Prepare
Registering precompiled user dll's ...
Registered in 0.001482 seconds.
Begin MonoManager ReloadAssembly
Native extension for LinuxStandalone target not found
Native extension for WindowsStandalone target not found
Native extension for WebGL target not found
Refreshing native plugins compatible for Editor in 0.34 ms, found 0 plugins.
Preloading 0 native plugins for Editor in 0.00 ms.
Invoked RoslynAnalysisRunner static constructor.
RoslynAnalysisRunner will not be running.
RoslynAnalysisRunner has terminated.
Mono: successfully reloaded assembly
- Completed reload, in  0.957 seconds
Platform modules already initialized, skipping
Refreshing native plugins compatible for Editor in 0.36 ms, found 0 plugins.
Preloading 0 native plugins for Editor in 0.00 ms.
Unloading 2016 Unused Serialized files (Serialized files now loaded: 0)
System memory in use before: 97.2 MB.
System memory in use after: 97.3 MB.

Unloading 8 unused Assets to reduce memory usage. Loaded Objects now: 2621.
Total: 2.969200 ms (FindLiveObjects: 0.230400 ms CreateObjectMapping: 0.085600 ms MarkObjects: 2.539800 ms  DeleteObjects: 0.112300 ms)

========================================================================
Received Import Request.
  Time since last request: 206.095927 seconds.
  path: Assets/Chinemachine/TPP/FreeLook/Animation/InAir.anim
  artifactKey: Guid(6cb4dbc9434c7e44ea7adb63ce4be984) Importer(815301076,1909f56bfc062723c751e8b465ee728b)
Start importing Assets/Chinemachine/TPP/FreeLook/Animation/InAir.anim using Guid(6cb4dbc9434c7e44ea7adb63ce4be984) Importer(815301076,1909f56bfc062723c751e8b465ee728b)  -> (artifact id: '0569d0461aba6887b03e177da738cb78') in 0.026315 seconds
  Import took 0.031313 seconds .

========================================================================
Received Import Request.
  Time since last request: 0.007544 seconds.
  path: Assets/Chinemachine/TPP/FreeLook/Animation/InAir.anim
  artifactKey: Guid(6cb4dbc9434c7e44ea7adb63ce4be984) Importer(815301076,1909f56bfc062723c751e8b465ee728b)
Start importing Assets/Chinemachine/TPP/FreeLook/Animation/InAir.anim using Guid(6cb4dbc9434c7e44ea7adb63ce4be984) Importer(815301076,1909f56bfc062723c751e8b465ee728b)  -> (artifact id: '0569d0461aba6887b03e177da738cb78') in 0.013785 seconds
  Import took 0.017907 seconds .

========================================================================
Received Prepare
Registering precompiled user dll's ...
Registered in 0.001263 seconds.
Begin MonoManager ReloadAssembly
Native extension for LinuxStandalone target not found
Native extension for WindowsStandalone target not found
Native extension for WebGL target not found
Refreshing native plugins compatible for Editor in 0.43 ms, found 0 plugins.
Preloading 0 native plugins for Editor in 0.00 ms.
Invoked RoslynAnalysisRunner static constructor.
RoslynAnalysisRunner will not be running.
RoslynAnalysisRunner has terminated.
Mono: successfully reloaded assembly
- Completed reload, in  1.015 seconds
Platform modules already initialized, skipping
Refreshing native plugins compatible for Editor in 0.37 ms, found 0 plugins.
Preloading 0 native plugins for Editor in 0.00 ms.
Unloading 2016 Unused Serialized files (Serialized files now loaded: 0)
System memory in use before: 97.2 MB.
System memory in use after: 97.3 MB.

Unloading 8 unused Assets to reduce memory usage. Loaded Objects now: 2624.
Total: 3.279700 ms (FindLiveObjects: 0.223100 ms CreateObjectMapping: 0.074600 ms MarkObjects: 2.871200 ms  DeleteObjects: 0.109600 ms)

========================================================================
Received Import Request.
  Time since last request: 4.190916 seconds.
  path: Assets/Chinemachine/TPP/FreeLook/Animation/InAir.anim
  artifactKey: Guid(6cb4dbc9434c7e44ea7adb63ce4be984) Importer(815301076,1909f56bfc062723c751e8b465ee728b)
Start importing Assets/Chinemachine/TPP/FreeLook/Animation/InAir.anim using Guid(6cb4dbc9434c7e44ea7adb63ce4be984) Importer(815301076,1909f56bfc062723c751e8b465ee728b)  -> (artifact id: '70650ff49fce604678bca010de8df523') in 0.023267 seconds
  Import took 0.027220 seconds .

========================================================================
Received Import Request.
  Time since last request: 0.000345 seconds.
  path: Assets/Chinemachine/TPP/FreeLook/Animation/JumpEnd.anim
  artifactKey: Guid(977ebf05024ecbd4a92a4a015c5a5b8f) Importer(815301076,1909f56bfc062723c751e8b465ee728b)
Start importing Assets/Chinemachine/TPP/FreeLook/Animation/JumpEnd.anim using Guid(977ebf05024ecbd4a92a4a015c5a5b8f) Importer(815301076,1909f56bfc062723c751e8b465ee728b)  -> (artifact id: '1e5ed9131bcab11117486966ad0f3bf0') in 0.018159 seconds
  Import took 0.022039 seconds .

========================================================================
Received Import Request.
  Time since last request: 1.293022 seconds.
  path: Assets/Chinemachine/TPP/FreeLook/Animation/JumpEnd.anim
  artifactKey: Guid(977ebf05024ecbd4a92a4a015c5a5b8f) Importer(815301076,1909f56bfc062723c751e8b465ee728b)
Start importing Assets/Chinemachine/TPP/FreeLook/Animation/JumpEnd.anim using Guid(977ebf05024ecbd4a92a4a015c5a5b8f) Importer(815301076,1909f56bfc062723c751e8b465ee728b)  -> (artifact id: '0ec4e414bc6fba536266464d02ccffb5') in 0.020601 seconds
  Import took 0.025896 seconds .

========================================================================
Received Import Request.
  Time since last request: 0.497326 seconds.
  path: Assets/Chinemachine/TPP/FreeLook/Animation/JumpStart.anim
  artifactKey: Guid(70f2ba03cd9368b4b80daef16b180303) Importer(815301076,1909f56bfc062723c751e8b465ee728b)
Start importing Assets/Chinemachine/TPP/FreeLook/Animation/JumpStart.anim using Guid(70f2ba03cd9368b4b80daef16b180303) Importer(815301076,1909f56bfc062723c751e8b465ee728b)  -> (artifact id: 'b34cc93d62e9aa6a097bbf9c0cc14ed1') in 0.027939 seconds
  Import took 0.033987 seconds .

========================================================================
Received Import Request.
  Time since last request: 1.899195 seconds.
  path: Assets/Chinemachine/TPP/FreeLook/Animation/JumpStart.anim
  artifactKey: Guid(70f2ba03cd9368b4b80daef16b180303) Importer(815301076,1909f56bfc062723c751e8b465ee728b)
Start importing Assets/Chinemachine/TPP/FreeLook/Animation/JumpStart.anim using Guid(70f2ba03cd9368b4b80daef16b180303) Importer(815301076,1909f56bfc062723c751e8b465ee728b)  -> (artifact id: 'd2d7c64d970f5fd5ff3b4483b5b76d14') in 0.020271 seconds
  Import took 0.025310 seconds .

========================================================================
Received Import Request.
  Time since last request: 9.096669 seconds.
  path: Assets/Chinemachine/TPP/FreeLook/Animation/TPP_ShooterController.controller
  artifactKey: Guid(9b0a2fbd9d57ecc43968c584616a13a6) Importer(815301076,1909f56bfc062723c751e8b465ee728b)
Start importing Assets/Chinemachine/TPP/FreeLook/Animation/TPP_ShooterController.controller using Guid(9b0a2fbd9d57ecc43968c584616a13a6) Importer(815301076,1909f56bfc062723c751e8b465ee728b)  -> (artifact id: '8a9da38fe400e11b744d3bbb76577c86') in 0.055309 seconds
  Import took 0.059285 seconds .

========================================================================
Received Prepare
Registering precompiled user dll's ...
Registered in 0.001047 seconds.
Begin MonoManager ReloadAssembly
Native extension for LinuxStandalone target not found
Native extension for WindowsStandalone target not found
Native extension for WebGL target not found
Refreshing native plugins compatible for Editor in 0.43 ms, found 0 plugins.
Preloading 0 native plugins for Editor in 0.00 ms.
Invoked RoslynAnalysisRunner static constructor.
RoslynAnalysisRunner will not be running.
RoslynAnalysisRunner has terminated.
Mono: successfully reloaded assembly
- Completed reload, in  1.031 seconds
Platform modules already initialized, skipping
Refreshing native plugins compatible for Editor in 0.38 ms, found 0 plugins.
Preloading 0 native plugins for Editor in 0.00 ms.
Unloading 2016 Unused Serialized files (Serialized files now loaded: 0)
System memory in use before: 97.2 MB.
System memory in use after: 97.3 MB.

Unloading 8 unused Assets to reduce memory usage. Loaded Objects now: 2627.
Total: 2.919700 ms (FindLiveObjects: 0.206800 ms CreateObjectMapping: 0.075300 ms MarkObjects: 2.534500 ms  DeleteObjects: 0.102100 ms)

========================================================================
Received Prepare
Registering precompiled user dll's ...
Registered in 0.000959 seconds.
Begin MonoManager ReloadAssembly
Native extension for LinuxStandalone target not found
Native extension for WindowsStandalone target not found
Native extension for WebGL target not found
Refreshing native plugins compatible for Editor in 0.36 ms, found 0 plugins.
Preloading 0 native plugins for Editor in 0.00 ms.
Invoked RoslynAnalysisRunner static constructor.
RoslynAnalysisRunner will not be running.
RoslynAnalysisRunner has terminated.
Mono: successfully reloaded assembly
- Completed reload, in  0.977 seconds
Platform modules already initialized, skipping
Refreshing native plugins compatible for Editor in 0.37 ms, found 0 plugins.
Preloading 0 native plugins for Editor in 0.00 ms.
Unloading 2016 Unused Serialized files (Serialized files now loaded: 0)
System memory in use before: 97.2 MB.
System memory in use after: 97.3 MB.

Unloading 8 unused Assets to reduce memory usage. Loaded Objects now: 2630.
Total: 4.140400 ms (FindLiveObjects: 0.289400 ms CreateObjectMapping: 0.115500 ms MarkObjects: 3.515500 ms  DeleteObjects: 0.217900 ms)

